2023-09-21 12:55:00,441 INFO gov.naco.soch.ictc.IctcApplication [restartedMain] Starting IctcApplication on DESKTOP-N2FUUPQ with PID 22648 (D:\sochbackend\ictcNew\target\classes started by NACO in D:\sochbackend\ictcNew)
2023-09-21 12:55:00,443 INFO gov.naco.soch.ictc.IctcApplication [restartedMain] The following profiles are active: @env@
2023-09-21 12:55:00,488 INFO org.springframework.boot.devtools.restart.ChangeableUrls [restartedMain] The Class-Path manifest attribute in C:\Users\NACO\.m2\repository\org\glassfish\jaxb\jaxb-runtime\2.3.2\jaxb-runtime-2.3.2.jar referenced one or more files that do not exist: file:/C:/Users/NACO/.m2/repository/org/glassfish/jaxb/jaxb-runtime/2.3.2/jakarta.xml.bind-api-2.3.2.jar,file:/C:/Users/NACO/.m2/repository/org/glassfish/jaxb/jaxb-runtime/2.3.2/txw2-2.3.2.jar,file:/C:/Users/NACO/.m2/repository/org/glassfish/jaxb/jaxb-runtime/2.3.2/istack-commons-runtime-3.0.8.jar,file:/C:/Users/NACO/.m2/repository/org/glassfish/jaxb/jaxb-runtime/2.3.2/stax-ex-1.8.1.jar,file:/C:/Users/NACO/.m2/repository/org/glassfish/jaxb/jaxb-runtime/2.3.2/FastInfoset-1.2.16.jar,file:/C:/Users/NACO/.m2/repository/org/glassfish/jaxb/jaxb-runtime/2.3.2/jakarta.activation-api-1.2.1.jar
2023-09-21 12:55:00,489 INFO org.springframework.boot.devtools.env.DevToolsPropertyDefaultsPostProcessor [restartedMain] Devtools property defaults active! Set 'spring.devtools.add-properties' to 'false' to disable
2023-09-21 12:55:00,489 INFO org.springframework.boot.devtools.env.DevToolsPropertyDefaultsPostProcessor [restartedMain] For additional web related logging consider setting the 'logging.level.web' property to 'DEBUG'
2023-09-21 12:55:08,419 INFO org.springframework.data.repository.config.RepositoryConfigurationDelegate [restartedMain] Bootstrapping Spring Data JPA repositories in DEFAULT mode.
2023-09-21 12:55:09,367 INFO org.springframework.data.repository.config.RepositoryConfigurationDelegate [restartedMain] Finished Spring Data repository scanning in 941ms. Found 452 JPA repository interfaces.
2023-09-21 12:55:10,074 INFO org.springframework.context.support.PostProcessorRegistrationDelegate$BeanPostProcessorChecker [restartedMain] Bean 'org.springframework.transaction.annotation.ProxyTransactionManagementConfiguration' of type [org.springframework.transaction.annotation.ProxyTransactionManagementConfiguration] is not eligible for getting processed by all BeanPostProcessors (for example: not eligible for auto-proxying)
2023-09-21 12:55:10,114 INFO org.springframework.context.support.PostProcessorRegistrationDelegate$BeanPostProcessorChecker [restartedMain] Bean 'org.springframework.security.config.annotation.configuration.ObjectPostProcessorConfiguration' of type [org.springframework.security.config.annotation.configuration.ObjectPostProcessorConfiguration] is not eligible for getting processed by all BeanPostProcessors (for example: not eligible for auto-proxying)
2023-09-21 12:55:10,120 INFO org.springframework.context.support.PostProcessorRegistrationDelegate$BeanPostProcessorChecker [restartedMain] Bean 'objectPostProcessor' of type [org.springframework.security.config.annotation.configuration.AutowireBeanFactoryObjectPostProcessor] is not eligible for getting processed by all BeanPostProcessors (for example: not eligible for auto-proxying)
2023-09-21 12:55:10,122 INFO org.springframework.context.support.PostProcessorRegistrationDelegate$BeanPostProcessorChecker [restartedMain] Bean 'org.springframework.security.access.expression.method.DefaultMethodSecurityExpressionHandler@45f156c1' of type [org.springframework.security.access.expression.method.DefaultMethodSecurityExpressionHandler] is not eligible for getting processed by all BeanPostProcessors (for example: not eligible for auto-proxying)
2023-09-21 12:55:10,128 INFO org.springframework.context.support.PostProcessorRegistrationDelegate$BeanPostProcessorChecker [restartedMain] Bean 'org.springframework.security.config.annotation.method.configuration.GlobalMethodSecurityConfiguration' of type [org.springframework.security.config.annotation.method.configuration.GlobalMethodSecurityConfiguration] is not eligible for getting processed by all BeanPostProcessors (for example: not eligible for auto-proxying)
2023-09-21 12:55:10,131 INFO org.springframework.context.support.PostProcessorRegistrationDelegate$BeanPostProcessorChecker [restartedMain] Bean 'methodSecurityMetadataSource' of type [org.springframework.security.access.method.DelegatingMethodSecurityMetadataSource] is not eligible for getting processed by all BeanPostProcessors (for example: not eligible for auto-proxying)
2023-09-21 12:55:10,673 INFO org.springframework.boot.web.embedded.tomcat.TomcatWebServer [restartedMain] Tomcat initialized with port(s): 9050 (http)
2023-09-21 12:55:10,683 INFO org.apache.catalina.core.StandardService [restartedMain] Starting service [Tomcat]
2023-09-21 12:55:10,684 INFO org.apache.catalina.core.StandardEngine [restartedMain] Starting Servlet engine: [Apache Tomcat/9.0.29]
2023-09-21 12:55:10,775 INFO org.apache.catalina.core.ContainerBase.[Tomcat].[localhost].[/ictcNew] [restartedMain] Initializing Spring embedded WebApplicationContext
2023-09-21 12:55:10,775 INFO org.springframework.web.context.ContextLoader [restartedMain] Root WebApplicationContext: initialization completed in 10286 ms
2023-09-21 12:55:11,291 INFO org.hibernate.jpa.internal.util.LogHelper [restartedMain] HHH000204: Processing PersistenceUnitInfo [name: default]
2023-09-21 12:55:11,361 INFO org.hibernate.Version [restartedMain] HHH000412: Hibernate Core {5.4.9.Final}
2023-09-21 12:55:11,461 INFO org.hibernate.annotations.common.Version [restartedMain] HCANN000001: Hibernate Commons Annotations {5.1.0.Final}
2023-09-21 12:55:11,675 INFO org.hibernate.dialect.Dialect [restartedMain] HHH000400: Using dialect: org.hibernate.dialect.PostgreSQLDialect
2023-09-21 12:55:12,717 WARN org.hibernate.boot.internal.InFlightMetadataCollectorImpl [restartedMain] HHH000069: Duplicate generator name tiOstBeneficiary
2023-09-21 12:55:13,063 WARN org.hibernate.orm.cache [restartedMain] HHH90001006: Missing cache[default-update-timestamps-region] was created on-the-fly. The created cache will use a provider-specific default configuration: make sure you defined one. You can disable this warning by setting 'hibernate.javax.cache.missing_cache_strategy' to 'create'.
2023-09-21 12:55:13,148 INFO org.ehcache.core.EhcacheManager [restartedMain] Cache 'default-update-timestamps-region' created in EhcacheManager.
2023-09-21 12:55:13,156 WARN org.hibernate.orm.cache [restartedMain] HHH90001006: Missing cache[default-query-results-region] was created on-the-fly. The created cache will use a provider-specific default configuration: make sure you defined one. You can disable this warning by setting 'hibernate.javax.cache.missing_cache_strategy' to 'create'.
2023-09-21 12:55:13,159 INFO org.ehcache.core.EhcacheManager [restartedMain] Cache 'default-query-results-region' created in EhcacheManager.
2023-09-21 12:55:16,829 INFO org.hibernate.engine.transaction.jta.platform.internal.JtaPlatformInitiator [restartedMain] HHH000490: Using JtaPlatform implementation: [org.hibernate.engine.transaction.jta.platform.internal.NoJtaPlatform]
2023-09-21 12:55:17,114 INFO org.springframework.orm.jpa.LocalContainerEntityManagerFactoryBean [restartedMain] Initialized JPA EntityManagerFactory for persistence unit 'default'
2023-09-21 12:55:19,241 INFO gov.naco.soch.security.WebSecurityConfig [restartedMain] Server is starting with crossDomainAllowedOrigins->:
2023-09-21 12:55:19,291 INFO org.springframework.security.web.DefaultSecurityFilterChain [restartedMain] Creating filter chain: any request, [org.springframework.security.web.context.request.async.WebAsyncManagerIntegrationFilter@5bf94b9e, org.springframework.security.web.context.SecurityContextPersistenceFilter@58bbccd4, org.springframework.security.web.header.HeaderWriterFilter@6ba0b97e, org.springframework.web.filter.CorsFilter@1b0fecf4, org.springframework.security.web.authentication.logout.LogoutFilter@68b35402, gov.naco.soch.security.JwtAuthenticationFilter@1bc9e8ac, org.springframework.security.web.savedrequest.RequestCacheAwareFilter@60e36646, org.springframework.security.web.servletapi.SecurityContextHolderAwareRequestFilter@2c8e85bf, org.springframework.security.web.authentication.AnonymousAuthenticationFilter@37da508b, org.springframework.security.web.session.SessionManagementFilter@2409f6cc, org.springframework.security.web.access.ExceptionTranslationFilter@13e757fc, org.springframework.security.web.access.intercept.FilterSecurityInterceptor@1f5ee9f4]
2023-09-21 12:55:26,643 INFO org.springframework.scheduling.concurrent.ThreadPoolTaskExecutor [restartedMain] Initializing ExecutorService 'applicationTaskExecutor'
2023-09-21 12:55:26,803 INFO org.springframework.scheduling.concurrent.ThreadPoolTaskScheduler [restartedMain] Initializing ExecutorService 'taskScheduler'
2023-09-21 12:55:26,905 WARN org.springframework.boot.devtools.autoconfigure.OptionalLiveReloadServer [restartedMain] Unable to start LiveReload server
2023-09-21 12:55:26,980 INFO org.springframework.boot.web.embedded.tomcat.TomcatWebServer [restartedMain] Tomcat started on port(s): 9050 (http) with context path '/ictcNew'
2023-09-21 12:55:26,990 INFO gov.naco.soch.ictc.IctcApplication [restartedMain] Started IctcApplication in 27.011 seconds (JVM running for 29.172)
2023-09-21 12:55:29,906 INFO org.apache.catalina.core.ContainerBase.[Tomcat].[localhost].[/ictcNew] [http-nio-9050-exec-2] Initializing Spring DispatcherServlet 'dispatcherServlet'
2023-09-21 12:55:29,907 INFO org.springframework.web.servlet.DispatcherServlet [http-nio-9050-exec-2] Initializing Servlet 'dispatcherServlet'
2023-09-21 12:55:29,913 INFO org.springframework.web.servlet.DispatcherServlet [http-nio-9050-exec-2] Completed initialization in 6 ms
2023-09-21 12:55:29,926 INFO gov.naco.soch.security.JwtAuthenticationFilter [http-nio-9050-exec-2] Got the request-->/ictcNew/ictc/ictc-test-result-views/advanced:
2023-09-21 12:55:30,021 INFO gov.naco.soch.security.JwtAuthenticationFilter [http-nio-9050-exec-2] Processing request --> username-->null:request-->/ictcNew/ictc/ictc-test-result-views/advanced:
2023-09-21 12:55:30,196 INFO gov.naco.soch.security.JwtAuthenticationFilter [http-nio-9050-exec-2] APIEXECUTIONTIME /ictcNew/ictc/ictc-test-result-views/advanced-->username-->null:-->270 ms
2023-09-21 12:55:33,214 INFO gov.naco.soch.security.JwtAuthenticationFilter [http-nio-9050-exec-3] Got the request-->/ictcNew/ictc/ictc-test-result-views/advanced:
2023-09-21 12:55:33,219 INFO gov.naco.soch.security.JwtAuthenticationFilter [http-nio-9050-exec-3] Processing request --> username-->null:request-->/ictcNew/ictc/ictc-test-result-views/advanced:
2023-09-21 12:55:33,270 INFO gov.naco.soch.security.JwtAuthenticationFilter [http-nio-9050-exec-3] APIEXECUTIONTIME /ictcNew/ictc/ictc-test-result-views/advanced-->username-->null:-->56 ms
2023-09-21 12:55:34,166 INFO gov.naco.soch.security.JwtAuthenticationFilter [http-nio-9050-exec-4] Got the request-->/ictcNew/ictc/ictc-test-result-views/advanced:
2023-09-21 12:55:34,168 INFO gov.naco.soch.security.JwtAuthenticationFilter [http-nio-9050-exec-4] Processing request --> username-->null:request-->/ictcNew/ictc/ictc-test-result-views/advanced:
2023-09-21 12:55:34,210 INFO gov.naco.soch.security.JwtAuthenticationFilter [http-nio-9050-exec-4] APIEXECUTIONTIME /ictcNew/ictc/ictc-test-result-views/advanced-->username-->null:-->44 ms
2023-09-21 12:56:13,526 INFO gov.naco.soch.security.JwtAuthenticationFilter [http-nio-9050-exec-6] Got the request-->/ictcNew/ictc/ictc-test-result-views/advanced:
2023-09-21 12:56:13,531 INFO gov.naco.soch.security.JwtAuthenticationFilter [http-nio-9050-exec-6] Processing request --> username-->ICTCRAJ:request-->/ictcNew/ictc/ictc-test-result-views/advanced:
2023-09-21 12:56:13,622 INFO gov.naco.soch.security.JwtAuthenticationFilter [http-nio-9050-exec-6] APIEXECUTIONTIME /ictcNew/ictc/ictc-test-result-views/advanced-->username-->ICTCRAJ:-->96 ms
2023-09-21 12:56:18,558 INFO gov.naco.soch.security.JwtAuthenticationFilter [http-nio-9050-exec-8] Got the request-->/ictcNew/ictc/ictc-test-result-views/basic:
2023-09-21 12:56:18,561 INFO gov.naco.soch.security.JwtAuthenticationFilter [http-nio-9050-exec-8] Processing request --> username-->ICTCRAJ:request-->/ictcNew/ictc/ictc-test-result-views/basic:
2023-09-21 12:56:24,119 INFO gov.naco.soch.security.JwtAuthenticationFilter [http-nio-9050-exec-10] Got the request-->/ictcNew/ictc/ictc-test-result-views/advanced:
2023-09-21 12:56:24,122 INFO gov.naco.soch.security.JwtAuthenticationFilter [http-nio-9050-exec-10] Processing request --> username-->ICTCRAJ:request-->/ictcNew/ictc/ictc-test-result-views/advanced:
2023-09-21 12:56:24,211 INFO gov.naco.soch.security.JwtAuthenticationFilter [http-nio-9050-exec-10] APIEXECUTIONTIME /ictcNew/ictc/ictc-test-result-views/advanced-->username-->ICTCRAJ:-->92 ms
2023-09-21 12:56:25,669 INFO gov.naco.soch.security.JwtAuthenticationFilter [http-nio-9050-exec-8] APIEXECUTIONTIME /ictcNew/ictc/ictc-test-result-views/basic-->username-->ICTCRAJ:-->7111 ms
2023-09-21 12:56:48,304 INFO gov.naco.soch.security.JwtAuthenticationFilter [http-nio-9050-exec-5] Got the request-->/ictcNew/ictc/ictc-test-result-views/advanced:
2023-09-21 12:56:48,305 INFO gov.naco.soch.security.JwtAuthenticationFilter [http-nio-9050-exec-5] Processing request --> username-->ICTCCOUNCELLOR:request-->/ictcNew/ictc/ictc-test-result-views/advanced:
2023-09-21 12:56:48,414 INFO gov.naco.soch.security.JwtAuthenticationFilter [http-nio-9050-exec-5] APIEXECUTIONTIME /ictcNew/ictc/ictc-test-result-views/advanced-->username-->ICTCCOUNCELLOR:-->110 ms
2023-09-21 13:06:22,130 INFO org.springframework.scheduling.concurrent.ThreadPoolTaskScheduler [Thread-1] Shutting down ExecutorService 'taskScheduler'
2023-09-21 13:06:22,133 INFO org.springframework.scheduling.concurrent.ThreadPoolTaskExecutor [Thread-1] Shutting down ExecutorService 'applicationTaskExecutor'
2023-09-21 13:06:22,355 INFO org.springframework.orm.jpa.LocalContainerEntityManagerFactoryBean [Thread-1] Closing JPA EntityManagerFactory for persistence unit 'default'
2023-09-21 13:06:22,363 INFO org.ehcache.core.EhcacheManager [Thread-1] Cache 'default-query-results-region' removed from EhcacheManager.
2023-09-21 13:06:22,365 INFO org.ehcache.core.EhcacheManager [Thread-1] Cache 'default-update-timestamps-region' removed from EhcacheManager.
