2024-01-15 09:33:53,730 INFO gov.naco.soch.ictc.IctcApplication [restartedMain] Starting IctcApplication on DESKTOP-N2FUUPQ with PID 25280 (D:\sochbackend\ictcNew\target\classes started by NACO in D:\sochbackend\ictcNew)
2024-01-15 09:33:53,737 INFO gov.naco.soch.ictc.IctcApplication [restartedMain] The following profiles are active: @env@
2024-01-15 09:33:53,787 INFO org.springframework.boot.devtools.restart.ChangeableUrls [restartedMain] The Class-Path manifest attribute in C:\Users\NACO\.m2\repository\org\glassfish\jaxb\jaxb-runtime\2.3.2\jaxb-runtime-2.3.2.jar referenced one or more files that do not exist: file:/C:/Users/NACO/.m2/repository/org/glassfish/jaxb/jaxb-runtime/2.3.2/jakarta.xml.bind-api-2.3.2.jar,file:/C:/Users/NACO/.m2/repository/org/glassfish/jaxb/jaxb-runtime/2.3.2/txw2-2.3.2.jar,file:/C:/Users/NACO/.m2/repository/org/glassfish/jaxb/jaxb-runtime/2.3.2/istack-commons-runtime-3.0.8.jar,file:/C:/Users/NACO/.m2/repository/org/glassfish/jaxb/jaxb-runtime/2.3.2/stax-ex-1.8.1.jar,file:/C:/Users/NACO/.m2/repository/org/glassfish/jaxb/jaxb-runtime/2.3.2/FastInfoset-1.2.16.jar,file:/C:/Users/NACO/.m2/repository/org/glassfish/jaxb/jaxb-runtime/2.3.2/jakarta.activation-api-1.2.1.jar
2024-01-15 09:33:53,787 INFO org.springframework.boot.devtools.env.DevToolsPropertyDefaultsPostProcessor [restartedMain] Devtools property defaults active! Set 'spring.devtools.add-properties' to 'false' to disable
2024-01-15 09:33:53,787 INFO org.springframework.boot.devtools.env.DevToolsPropertyDefaultsPostProcessor [restartedMain] For additional web related logging consider setting the 'logging.level.web' property to 'DEBUG'
2024-01-15 09:34:01,992 INFO org.springframework.data.repository.config.RepositoryConfigurationDelegate [restartedMain] Bootstrapping Spring Data JPA repositories in DEFAULT mode.
2024-01-15 09:34:02,873 INFO org.springframework.data.repository.config.RepositoryConfigurationDelegate [restartedMain] Finished Spring Data repository scanning in 874ms. Found 455 JPA repository interfaces.
2024-01-15 09:34:03,609 INFO org.springframework.context.support.PostProcessorRegistrationDelegate$BeanPostProcessorChecker [restartedMain] Bean 'org.springframework.transaction.annotation.ProxyTransactionManagementConfiguration' of type [org.springframework.transaction.annotation.ProxyTransactionManagementConfiguration] is not eligible for getting processed by all BeanPostProcessors (for example: not eligible for auto-proxying)
2024-01-15 09:34:03,651 INFO org.springframework.context.support.PostProcessorRegistrationDelegate$BeanPostProcessorChecker [restartedMain] Bean 'org.springframework.security.config.annotation.configuration.ObjectPostProcessorConfiguration' of type [org.springframework.security.config.annotation.configuration.ObjectPostProcessorConfiguration] is not eligible for getting processed by all BeanPostProcessors (for example: not eligible for auto-proxying)
2024-01-15 09:34:03,657 INFO org.springframework.context.support.PostProcessorRegistrationDelegate$BeanPostProcessorChecker [restartedMain] Bean 'objectPostProcessor' of type [org.springframework.security.config.annotation.configuration.AutowireBeanFactoryObjectPostProcessor] is not eligible for getting processed by all BeanPostProcessors (for example: not eligible for auto-proxying)
2024-01-15 09:34:03,659 INFO org.springframework.context.support.PostProcessorRegistrationDelegate$BeanPostProcessorChecker [restartedMain] Bean 'org.springframework.security.access.expression.method.DefaultMethodSecurityExpressionHandler@26e8fc7c' of type [org.springframework.security.access.expression.method.DefaultMethodSecurityExpressionHandler] is not eligible for getting processed by all BeanPostProcessors (for example: not eligible for auto-proxying)
2024-01-15 09:34:03,660 INFO org.springframework.context.support.PostProcessorRegistrationDelegate$BeanPostProcessorChecker [restartedMain] Bean 'org.springframework.security.config.annotation.method.configuration.GlobalMethodSecurityConfiguration' of type [org.springframework.security.config.annotation.method.configuration.GlobalMethodSecurityConfiguration] is not eligible for getting processed by all BeanPostProcessors (for example: not eligible for auto-proxying)
2024-01-15 09:34:03,663 INFO org.springframework.context.support.PostProcessorRegistrationDelegate$BeanPostProcessorChecker [restartedMain] Bean 'methodSecurityMetadataSource' of type [org.springframework.security.access.method.DelegatingMethodSecurityMetadataSource] is not eligible for getting processed by all BeanPostProcessors (for example: not eligible for auto-proxying)
2024-01-15 09:34:04,192 INFO org.springframework.boot.web.embedded.tomcat.TomcatWebServer [restartedMain] Tomcat initialized with port(s): 9050 (http)
2024-01-15 09:34:04,200 INFO org.apache.catalina.core.StandardService [restartedMain] Starting service [Tomcat]
2024-01-15 09:34:04,200 INFO org.apache.catalina.core.StandardEngine [restartedMain] Starting Servlet engine: [Apache Tomcat/9.0.29]
2024-01-15 09:34:04,285 INFO org.apache.catalina.core.ContainerBase.[Tomcat].[localhost].[/ictcNew] [restartedMain] Initializing Spring embedded WebApplicationContext
2024-01-15 09:34:04,286 INFO org.springframework.web.context.ContextLoader [restartedMain] Root WebApplicationContext: initialization completed in 10499 ms
2024-01-15 09:34:04,769 INFO org.hibernate.jpa.internal.util.LogHelper [restartedMain] HHH000204: Processing PersistenceUnitInfo [name: default]
2024-01-15 09:34:04,835 INFO org.hibernate.Version [restartedMain] HHH000412: Hibernate Core {5.4.9.Final}
2024-01-15 09:34:04,934 INFO org.hibernate.annotations.common.Version [restartedMain] HCANN000001: Hibernate Commons Annotations {5.1.0.Final}
2024-01-15 09:34:05,149 INFO org.hibernate.dialect.Dialect [restartedMain] HHH000400: Using dialect: org.hibernate.dialect.PostgreSQLDialect
2024-01-15 09:34:08,722 WARN org.hibernate.boot.internal.InFlightMetadataCollectorImpl [restartedMain] HHH000069: Duplicate generator name tiOstBeneficiary
2024-01-15 09:34:08,997 WARN org.hibernate.orm.cache [restartedMain] HHH90001006: Missing cache[default-update-timestamps-region] was created on-the-fly. The created cache will use a provider-specific default configuration: make sure you defined one. You can disable this warning by setting 'hibernate.javax.cache.missing_cache_strategy' to 'create'.
2024-01-15 09:34:09,075 INFO org.ehcache.core.EhcacheManager [restartedMain] Cache 'default-update-timestamps-region' created in EhcacheManager.
2024-01-15 09:34:09,082 WARN org.hibernate.orm.cache [restartedMain] HHH90001006: Missing cache[default-query-results-region] was created on-the-fly. The created cache will use a provider-specific default configuration: make sure you defined one. You can disable this warning by setting 'hibernate.javax.cache.missing_cache_strategy' to 'create'.
2024-01-15 09:34:09,085 INFO org.ehcache.core.EhcacheManager [restartedMain] Cache 'default-query-results-region' created in EhcacheManager.
2024-01-15 09:34:12,361 INFO org.hibernate.engine.transaction.jta.platform.internal.JtaPlatformInitiator [restartedMain] HHH000490: Using JtaPlatform implementation: [org.hibernate.engine.transaction.jta.platform.internal.NoJtaPlatform]
2024-01-15 09:34:12,615 INFO org.springframework.orm.jpa.LocalContainerEntityManagerFactoryBean [restartedMain] Initialized JPA EntityManagerFactory for persistence unit 'default'
2024-01-15 09:34:14,652 INFO gov.naco.soch.security.WebSecurityConfig [restartedMain] Server is starting with crossDomainAllowedOrigins->:
2024-01-15 09:34:14,695 INFO org.springframework.security.web.DefaultSecurityFilterChain [restartedMain] Creating filter chain: any request, [org.springframework.security.web.context.request.async.WebAsyncManagerIntegrationFilter@5858001c, org.springframework.security.web.context.SecurityContextPersistenceFilter@6f5cb8e1, org.springframework.security.web.header.HeaderWriterFilter@adb9ac6, org.springframework.web.filter.CorsFilter@2eb6cfb5, org.springframework.security.web.authentication.logout.LogoutFilter@4785c580, gov.naco.soch.security.JwtAuthenticationFilter@668a1a5b, org.springframework.security.web.savedrequest.RequestCacheAwareFilter@258404d4, org.springframework.security.web.servletapi.SecurityContextHolderAwareRequestFilter@9a5aa87, org.springframework.security.web.authentication.AnonymousAuthenticationFilter@47b9e901, org.springframework.security.web.session.SessionManagementFilter@465c9473, org.springframework.security.web.access.ExceptionTranslationFilter@16f67685, org.springframework.security.web.access.intercept.FilterSecurityInterceptor@7b1b927]
2024-01-15 09:34:21,953 INFO org.springframework.scheduling.concurrent.ThreadPoolTaskExecutor [restartedMain] Initializing ExecutorService 'applicationTaskExecutor'
2024-01-15 09:34:22,100 INFO org.springframework.scheduling.concurrent.ThreadPoolTaskScheduler [restartedMain] Initializing ExecutorService 'taskScheduler'
2024-01-15 09:34:22,218 INFO org.springframework.boot.devtools.autoconfigure.OptionalLiveReloadServer [restartedMain] LiveReload server is running on port 35729
2024-01-15 09:34:22,286 INFO org.springframework.boot.web.embedded.tomcat.TomcatWebServer [restartedMain] Tomcat started on port(s): 9050 (http) with context path '/ictcNew'
2024-01-15 09:34:22,295 INFO gov.naco.soch.ictc.IctcApplication [restartedMain] Started IctcApplication in 28.979 seconds (JVM running for 31.193)
2024-01-15 12:31:37,760 INFO org.springframework.scheduling.concurrent.ThreadPoolTaskScheduler [Thread-6] Shutting down ExecutorService 'taskScheduler'
2024-01-15 12:31:37,767 INFO org.springframework.scheduling.concurrent.ThreadPoolTaskExecutor [Thread-6] Shutting down ExecutorService 'applicationTaskExecutor'
2024-01-15 12:31:37,890 INFO org.springframework.orm.jpa.LocalContainerEntityManagerFactoryBean [Thread-6] Closing JPA EntityManagerFactory for persistence unit 'default'
2024-01-15 12:31:37,909 INFO org.ehcache.core.EhcacheManager [Thread-6] Cache 'default-query-results-region' removed from EhcacheManager.
2024-01-15 12:31:37,919 INFO org.ehcache.core.EhcacheManager [Thread-6] Cache 'default-update-timestamps-region' removed from EhcacheManager.
