2024-01-09 09:13:43,299 INFO gov.naco.soch.security.JwtAuthenticationFilter [http-nio-9050-exec-6] Got the request-->/ictcNew/ictc/ictc-visit-list/basic:
2024-01-09 09:13:43,310 INFO gov.naco.soch.security.JwtAuthenticationFilter [http-nio-9050-exec-6] Processing request --> username-->ICTCRAJLT:request-->/ictcNew/ictc/ictc-visit-list/basic:
2024-01-09 09:13:43,328 INFO gov.naco.soch.ictc.service.MajorListService [http-nio-9050-exec-6] params
2024-01-09 09:16:56,600 INFO gov.naco.soch.ictc.service.MajorListService [http-nio-9050-exec-6] Obj Size : {}10
2024-01-09 09:17:11,749 INFO gov.naco.soch.security.JwtAuthenticationFilter [http-nio-9050-exec-6] APIEXECUTIONTIME /ictcNew/ictc/ictc-visit-list/basic-->username-->ICTCRAJLT:-->208450 ms
2024-01-09 09:35:39,286 INFO gov.naco.soch.security.JwtAuthenticationFilter [http-nio-9050-exec-3] Got the request-->/ictcNew/ictc/ictc-visit-list/basic:
2024-01-09 09:35:39,300 INFO gov.naco.soch.security.JwtAuthenticationFilter [http-nio-9050-exec-3] Processing request --> username-->ICTCRAJLT:request-->/ictcNew/ictc/ictc-visit-list/basic:
2024-01-09 09:35:39,300 INFO gov.naco.soch.ictc.service.MajorListService [http-nio-9050-exec-3] params
2024-01-09 09:35:41,465 INFO gov.naco.soch.ictc.service.MajorListService [http-nio-9050-exec-3] Obj Size : {}10
2024-01-09 09:35:41,482 INFO gov.naco.soch.security.JwtAuthenticationFilter [http-nio-9050-exec-3] APIEXECUTIONTIME /ictcNew/ictc/ictc-visit-list/basic-->username-->ICTCRAJLT:-->2196 ms
2024-01-09 09:35:41,732 INFO gov.naco.soch.security.JwtAuthenticationFilter [http-nio-9050-exec-4] Got the request-->/ictcNew/ictc/ictc-visit-list/basic:
2024-01-09 09:35:41,732 INFO gov.naco.soch.security.JwtAuthenticationFilter [http-nio-9050-exec-4] Processing request --> username-->ICTCRAJLT:request-->/ictcNew/ictc/ictc-visit-list/basic:
2024-01-09 09:35:41,732 INFO gov.naco.soch.ictc.service.MajorListService [http-nio-9050-exec-4] params
2024-01-09 09:35:43,947 INFO gov.naco.soch.ictc.service.MajorListService [http-nio-9050-exec-4] Obj Size : {}10
2024-01-09 09:35:43,948 INFO gov.naco.soch.security.JwtAuthenticationFilter [http-nio-9050-exec-4] APIEXECUTIONTIME /ictcNew/ictc/ictc-visit-list/basic-->username-->ICTCRAJLT:-->2216 ms
2024-01-09 09:37:00,882 INFO gov.naco.soch.security.JwtAuthenticationFilter [http-nio-9050-exec-9] Got the request-->/ictcNew/ictc/ictc-visit-list/basic:
2024-01-09 09:37:00,882 INFO gov.naco.soch.security.JwtAuthenticationFilter [http-nio-9050-exec-9] Processing request --> username-->ICTCRAJLT:request-->/ictcNew/ictc/ictc-visit-list/basic:
2024-01-09 09:37:00,882 INFO gov.naco.soch.ictc.service.MajorListService [http-nio-9050-exec-9] params
2024-01-09 09:37:03,060 INFO gov.naco.soch.ictc.service.MajorListService [http-nio-9050-exec-9] Obj Size : {}10
2024-01-09 09:37:03,075 INFO gov.naco.soch.security.JwtAuthenticationFilter [http-nio-9050-exec-9] APIEXECUTIONTIME /ictcNew/ictc/ictc-visit-list/basic-->username-->ICTCRAJLT:-->2193 ms
2024-01-09 09:37:14,235 INFO gov.naco.soch.security.JwtAuthenticationFilter [http-nio-9050-exec-1] Got the request-->/ictcNew/ictc/ictc-visit-list/basic:
2024-01-09 09:37:14,235 INFO gov.naco.soch.security.JwtAuthenticationFilter [http-nio-9050-exec-1] Processing request --> username-->ICTCRAJLT:request-->/ictcNew/ictc/ictc-visit-list/basic:
2024-01-09 09:37:14,235 INFO gov.naco.soch.ictc.service.MajorListService [http-nio-9050-exec-1] params
2024-01-09 09:37:14,691 INFO gov.naco.soch.security.JwtAuthenticationFilter [http-nio-9050-exec-8] Got the request-->/ictcNew/ictc/ictc-visit-list/basic:
2024-01-09 09:37:14,691 INFO gov.naco.soch.security.JwtAuthenticationFilter [http-nio-9050-exec-8] Processing request --> username-->ICTCRAJLT:request-->/ictcNew/ictc/ictc-visit-list/basic:
2024-01-09 09:37:14,691 INFO gov.naco.soch.ictc.service.MajorListService [http-nio-9050-exec-8] params
2024-01-09 09:37:16,414 INFO gov.naco.soch.ictc.service.MajorListService [http-nio-9050-exec-1] Obj Size : {}10
2024-01-09 09:37:16,430 INFO gov.naco.soch.security.JwtAuthenticationFilter [http-nio-9050-exec-1] APIEXECUTIONTIME /ictcNew/ictc/ictc-visit-list/basic-->username-->ICTCRAJLT:-->2195 ms
2024-01-09 09:38:01,898 INFO gov.naco.soch.ictc.service.MajorListService [http-nio-9050-exec-8] Obj Size : {}0
2024-01-09 09:38:01,915 INFO gov.naco.soch.security.JwtAuthenticationFilter [http-nio-9050-exec-8] APIEXECUTIONTIME /ictcNew/ictc/ictc-visit-list/basic-->username-->ICTCRAJLT:-->47224 ms
2024-01-09 09:42:43,693 INFO gov.naco.soch.security.JwtAuthenticationFilter [http-nio-9050-exec-5] Got the request-->/ictcNew/ictc/ictc-visit-list/basic:
2024-01-09 09:42:43,695 INFO gov.naco.soch.security.JwtAuthenticationFilter [http-nio-9050-exec-5] Processing request --> username-->ICTCRAJLT:request-->/ictcNew/ictc/ictc-visit-list/basic:
2024-01-09 09:42:43,704 INFO gov.naco.soch.ictc.service.MajorListService [http-nio-9050-exec-5] params
2024-01-09 09:42:43,779 INFO gov.naco.soch.ictc.service.MajorListService [http-nio-9050-exec-5] Obj Size : {}0
2024-01-09 09:42:43,805 INFO gov.naco.soch.security.JwtAuthenticationFilter [http-nio-9050-exec-5] APIEXECUTIONTIME /ictcNew/ictc/ictc-visit-list/basic-->username-->ICTCRAJLT:-->112 ms
2024-01-09 09:42:45,056 INFO gov.naco.soch.security.JwtAuthenticationFilter [http-nio-9050-exec-9] Got the request-->/ictcNew/ictc/ictc-visit-list/basic:
2024-01-09 09:42:45,056 INFO gov.naco.soch.security.JwtAuthenticationFilter [http-nio-9050-exec-9] Processing request --> username-->ICTCRAJLT:request-->/ictcNew/ictc/ictc-visit-list/basic:
2024-01-09 09:42:45,062 INFO gov.naco.soch.ictc.service.MajorListService [http-nio-9050-exec-9] params
2024-01-09 09:42:47,472 INFO gov.naco.soch.ictc.service.MajorListService [http-nio-9050-exec-9] Obj Size : {}10
2024-01-09 09:42:47,487 INFO gov.naco.soch.security.JwtAuthenticationFilter [http-nio-9050-exec-9] APIEXECUTIONTIME /ictcNew/ictc/ictc-visit-list/basic-->username-->ICTCRAJLT:-->2431 ms
2024-01-09 09:42:47,777 INFO gov.naco.soch.security.JwtAuthenticationFilter [http-nio-9050-exec-10] Got the request-->/ictcNew/ictc/ictc-visit-list/basic:
2024-01-09 09:42:47,777 INFO gov.naco.soch.security.JwtAuthenticationFilter [http-nio-9050-exec-10] Processing request --> username-->ICTCRAJLT:request-->/ictcNew/ictc/ictc-visit-list/basic:
2024-01-09 09:42:47,781 INFO gov.naco.soch.ictc.service.MajorListService [http-nio-9050-exec-10] params
2024-01-09 09:42:49,977 INFO gov.naco.soch.ictc.service.MajorListService [http-nio-9050-exec-10] Obj Size : {}10
2024-01-09 09:42:49,991 INFO gov.naco.soch.security.JwtAuthenticationFilter [http-nio-9050-exec-10] APIEXECUTIONTIME /ictcNew/ictc/ictc-visit-list/basic-->username-->ICTCRAJLT:-->2214 ms
2024-01-09 09:43:07,057 INFO gov.naco.soch.security.JwtAuthenticationFilter [http-nio-9050-exec-1] Got the request-->/ictcNew/ictc/ictc-visit-list/basic:
2024-01-09 09:43:07,058 INFO gov.naco.soch.security.JwtAuthenticationFilter [http-nio-9050-exec-1] Processing request --> username-->ICTCRAJLT:request-->/ictcNew/ictc/ictc-visit-list/basic:
2024-01-09 09:43:07,061 INFO gov.naco.soch.ictc.service.MajorListService [http-nio-9050-exec-1] params
2024-01-09 09:43:09,218 INFO gov.naco.soch.ictc.service.MajorListService [http-nio-9050-exec-1] Obj Size : {}10
2024-01-09 09:43:09,229 INFO gov.naco.soch.security.JwtAuthenticationFilter [http-nio-9050-exec-1] APIEXECUTIONTIME /ictcNew/ictc/ictc-visit-list/basic-->username-->ICTCRAJLT:-->2172 ms
2024-01-09 09:43:29,528 INFO gov.naco.soch.security.JwtAuthenticationFilter [http-nio-9050-exec-2] Got the request-->/ictcNew/ictc/ictc-visit-list/basic:
2024-01-09 09:43:29,530 INFO gov.naco.soch.security.JwtAuthenticationFilter [http-nio-9050-exec-2] Processing request --> username-->ICTCRAJLT:request-->/ictcNew/ictc/ictc-visit-list/basic:
2024-01-09 09:43:29,533 INFO gov.naco.soch.ictc.service.MajorListService [http-nio-9050-exec-2] params
2024-01-09 09:43:31,700 INFO gov.naco.soch.ictc.service.MajorListService [http-nio-9050-exec-2] Obj Size : {}10
2024-01-09 09:43:31,712 INFO gov.naco.soch.security.JwtAuthenticationFilter [http-nio-9050-exec-2] APIEXECUTIONTIME /ictcNew/ictc/ictc-visit-list/basic-->username-->ICTCRAJLT:-->2184 ms
2024-01-09 09:53:52,397 INFO gov.naco.soch.security.JwtAuthenticationFilter [http-nio-9050-exec-5] Got the request-->/ictcNew/ictc/ictc-visit-list/basic:
2024-01-09 09:53:52,397 INFO gov.naco.soch.security.JwtAuthenticationFilter [http-nio-9050-exec-5] Processing request --> username-->ICTCRAJLT:request-->/ictcNew/ictc/ictc-visit-list/basic:
2024-01-09 09:53:52,397 INFO gov.naco.soch.ictc.service.MajorListService [http-nio-9050-exec-5] params
2024-01-09 09:53:54,709 INFO gov.naco.soch.ictc.service.MajorListService [http-nio-9050-exec-5] Obj Size : {}10
2024-01-09 09:53:54,724 INFO gov.naco.soch.security.JwtAuthenticationFilter [http-nio-9050-exec-5] APIEXECUTIONTIME /ictcNew/ictc/ictc-visit-list/basic-->username-->ICTCRAJLT:-->2327 ms
2024-01-09 09:56:32,148 INFO gov.naco.soch.security.JwtAuthenticationFilter [http-nio-9050-exec-10] Got the request-->/ictcNew/ictc/ictc-visit-list/basic:
2024-01-09 09:56:32,148 INFO gov.naco.soch.security.JwtAuthenticationFilter [http-nio-9050-exec-10] Processing request --> username-->GANDHURADHA:request-->/ictcNew/ictc/ictc-visit-list/basic:
2024-01-09 09:56:32,148 INFO gov.naco.soch.ictc.service.MajorListService [http-nio-9050-exec-10] params
2024-01-09 09:56:32,866 INFO gov.naco.soch.ictc.service.MajorListService [http-nio-9050-exec-10] Obj Size : {}10
2024-01-09 09:57:17,580 INFO gov.naco.soch.security.JwtAuthenticationFilter [http-nio-9050-exec-10] APIEXECUTIONTIME /ictcNew/ictc/ictc-visit-list/basic-->username-->GANDHURADHA:-->45432 ms
2024-01-09 09:57:24,156 INFO gov.naco.soch.security.JwtAuthenticationFilter [http-nio-9050-exec-1] Got the request-->/ictcNew/ictc/ictc-visit-list/basic:
2024-01-09 09:57:24,156 INFO gov.naco.soch.security.JwtAuthenticationFilter [http-nio-9050-exec-1] Processing request --> username-->Krishna_Smimer:request-->/ictcNew/ictc/ictc-visit-list/basic:
2024-01-09 09:57:24,156 INFO gov.naco.soch.ictc.service.MajorListService [http-nio-9050-exec-1] params
2024-01-09 09:57:24,953 INFO gov.naco.soch.ictc.service.MajorListService [http-nio-9050-exec-1] Obj Size : {}10
2024-01-09 09:59:31,603 INFO gov.naco.soch.security.JwtAuthenticationFilter [http-nio-9050-exec-1] APIEXECUTIONTIME /ictcNew/ictc/ictc-visit-list/basic-->username-->Krishna_Smimer:-->127447 ms
2024-01-09 09:59:49,995 INFO gov.naco.soch.security.JwtAuthenticationFilter [http-nio-9050-exec-2] Got the request-->/ictcNew/ictc/ictc-visit-list/basic:
2024-01-09 09:59:49,995 INFO gov.naco.soch.security.JwtAuthenticationFilter [http-nio-9050-exec-2] Processing request --> username-->Krishna_Smimer:request-->/ictcNew/ictc/ictc-visit-list/basic:
2024-01-09 09:59:49,995 INFO gov.naco.soch.ictc.service.MajorListService [http-nio-9050-exec-2] params
2024-01-09 09:59:50,026 INFO gov.naco.soch.ictc.service.MajorListService [http-nio-9050-exec-2] Obj Size : {}10
2024-01-09 09:59:50,073 INFO gov.naco.soch.security.JwtAuthenticationFilter [http-nio-9050-exec-2] APIEXECUTIONTIME /ictcNew/ictc/ictc-visit-list/basic-->username-->Krishna_Smimer:-->78 ms
2024-01-09 10:00:02,104 INFO gov.naco.soch.security.JwtAuthenticationFilter [http-nio-9050-exec-4] Got the request-->/ictcNew/ictc/ictc-visit-list/basic:
2024-01-09 10:00:02,104 INFO gov.naco.soch.security.JwtAuthenticationFilter [http-nio-9050-exec-4] Processing request --> username-->Krishna_Smimer:request-->/ictcNew/ictc/ictc-visit-list/basic:
2024-01-09 10:00:02,104 INFO gov.naco.soch.ictc.service.MajorListService [http-nio-9050-exec-4] params
2024-01-09 10:00:02,135 INFO gov.naco.soch.ictc.service.MajorListService [http-nio-9050-exec-4] Obj Size : {}10
2024-01-09 10:00:02,182 INFO gov.naco.soch.security.JwtAuthenticationFilter [http-nio-9050-exec-4] APIEXECUTIONTIME /ictcNew/ictc/ictc-visit-list/basic-->username-->Krishna_Smimer:-->78 ms
2024-01-09 10:00:05,619 INFO gov.naco.soch.security.JwtAuthenticationFilter [http-nio-9050-exec-7] Got the request-->/ictcNew/ictc/ictc-visit-list/basic:
2024-01-09 10:00:05,619 INFO gov.naco.soch.security.JwtAuthenticationFilter [http-nio-9050-exec-7] Processing request --> username-->Krishna_Smimer:request-->/ictcNew/ictc/ictc-visit-list/basic:
2024-01-09 10:00:05,619 INFO gov.naco.soch.ictc.service.MajorListService [http-nio-9050-exec-7] params
2024-01-09 10:00:06,212 INFO gov.naco.soch.ictc.service.MajorListService [http-nio-9050-exec-7] Obj Size : {}10
2024-01-09 10:00:06,259 INFO gov.naco.soch.security.JwtAuthenticationFilter [http-nio-9050-exec-7] APIEXECUTIONTIME /ictcNew/ictc/ictc-visit-list/basic-->username-->Krishna_Smimer:-->640 ms
2024-01-09 10:00:15,611 INFO gov.naco.soch.security.JwtAuthenticationFilter [http-nio-9050-exec-10] Got the request-->/ictcNew/ictc/ictc-visit-list/basic:
2024-01-09 10:00:15,611 INFO gov.naco.soch.security.JwtAuthenticationFilter [http-nio-9050-exec-10] Processing request --> username-->Krishna_Smimer:request-->/ictcNew/ictc/ictc-visit-list/basic:
2024-01-09 10:00:15,611 INFO gov.naco.soch.ictc.service.MajorListService [http-nio-9050-exec-10] params
2024-01-09 10:00:15,627 INFO gov.naco.soch.ictc.service.MajorListService [http-nio-9050-exec-10] Obj Size : {}10
2024-01-09 10:00:15,674 INFO gov.naco.soch.security.JwtAuthenticationFilter [http-nio-9050-exec-10] APIEXECUTIONTIME /ictcNew/ictc/ictc-visit-list/basic-->username-->Krishna_Smimer:-->63 ms
2024-01-09 10:00:17,564 INFO gov.naco.soch.security.JwtAuthenticationFilter [http-nio-9050-exec-1] Got the request-->/ictcNew/ictc/ictc-visit-list/basic:
2024-01-09 10:00:17,564 INFO gov.naco.soch.security.JwtAuthenticationFilter [http-nio-9050-exec-1] Processing request --> username-->Krishna_Smimer:request-->/ictcNew/ictc/ictc-visit-list/basic:
2024-01-09 10:00:17,564 INFO gov.naco.soch.ictc.service.MajorListService [http-nio-9050-exec-1] params
2024-01-09 10:00:17,580 INFO gov.naco.soch.ictc.service.MajorListService [http-nio-9050-exec-1] Obj Size : {}10
2024-01-09 10:00:17,611 INFO gov.naco.soch.security.JwtAuthenticationFilter [http-nio-9050-exec-1] APIEXECUTIONTIME /ictcNew/ictc/ictc-visit-list/basic-->username-->Krishna_Smimer:-->47 ms
2024-01-09 10:00:18,064 INFO gov.naco.soch.security.JwtAuthenticationFilter [http-nio-9050-exec-2] Got the request-->/ictcNew/ictc/ictc-visit-list/basic:
2024-01-09 10:00:18,064 INFO gov.naco.soch.security.JwtAuthenticationFilter [http-nio-9050-exec-2] Processing request --> username-->Krishna_Smimer:request-->/ictcNew/ictc/ictc-visit-list/basic:
2024-01-09 10:00:18,080 INFO gov.naco.soch.ictc.service.MajorListService [http-nio-9050-exec-2] params
2024-01-09 10:00:18,408 INFO gov.naco.soch.ictc.service.MajorListService [http-nio-9050-exec-2] Obj Size : {}10
2024-01-09 10:00:18,439 INFO gov.naco.soch.security.JwtAuthenticationFilter [http-nio-9050-exec-2] APIEXECUTIONTIME /ictcNew/ictc/ictc-visit-list/basic-->username-->Krishna_Smimer:-->375 ms
2024-01-09 10:00:19,205 INFO gov.naco.soch.security.JwtAuthenticationFilter [http-nio-9050-exec-4] Got the request-->/ictcNew/ictc/ictc-visit-list/basic:
2024-01-09 10:00:19,205 INFO gov.naco.soch.security.JwtAuthenticationFilter [http-nio-9050-exec-4] Processing request --> username-->Krishna_Smimer:request-->/ictcNew/ictc/ictc-visit-list/basic:
2024-01-09 10:00:19,205 INFO gov.naco.soch.ictc.service.MajorListService [http-nio-9050-exec-4] params
2024-01-09 10:00:19,799 INFO gov.naco.soch.ictc.service.MajorListService [http-nio-9050-exec-4] Obj Size : {}10
2024-01-09 10:00:19,845 INFO gov.naco.soch.security.JwtAuthenticationFilter [http-nio-9050-exec-4] APIEXECUTIONTIME /ictcNew/ictc/ictc-visit-list/basic-->username-->Krishna_Smimer:-->640 ms
2024-01-09 10:00:21,017 INFO gov.naco.soch.security.JwtAuthenticationFilter [http-nio-9050-exec-7] Got the request-->/ictcNew/ictc/ictc-visit-list/basic:
2024-01-09 10:00:21,017 INFO gov.naco.soch.security.JwtAuthenticationFilter [http-nio-9050-exec-7] Processing request --> username-->Krishna_Smimer:request-->/ictcNew/ictc/ictc-visit-list/basic:
2024-01-09 10:00:21,017 INFO gov.naco.soch.ictc.service.MajorListService [http-nio-9050-exec-7] params
2024-01-09 10:00:21,407 INFO gov.naco.soch.ictc.service.MajorListService [http-nio-9050-exec-7] Obj Size : {}10
2024-01-09 10:00:21,454 INFO gov.naco.soch.security.JwtAuthenticationFilter [http-nio-9050-exec-7] APIEXECUTIONTIME /ictcNew/ictc/ictc-visit-list/basic-->username-->Krishna_Smimer:-->437 ms
2024-01-09 10:00:22,142 INFO gov.naco.soch.security.JwtAuthenticationFilter [http-nio-9050-exec-10] Got the request-->/ictcNew/ictc/ictc-visit-list/basic:
2024-01-09 10:00:22,142 INFO gov.naco.soch.security.JwtAuthenticationFilter [http-nio-9050-exec-10] Processing request --> username-->Krishna_Smimer:request-->/ictcNew/ictc/ictc-visit-list/basic:
2024-01-09 10:00:22,142 INFO gov.naco.soch.ictc.service.MajorListService [http-nio-9050-exec-10] params
2024-01-09 10:00:22,501 INFO gov.naco.soch.ictc.service.MajorListService [http-nio-9050-exec-10] Obj Size : {}10
2024-01-09 10:00:22,548 INFO gov.naco.soch.security.JwtAuthenticationFilter [http-nio-9050-exec-10] APIEXECUTIONTIME /ictcNew/ictc/ictc-visit-list/basic-->username-->Krishna_Smimer:-->406 ms
2024-01-09 10:00:23,063 INFO gov.naco.soch.security.JwtAuthenticationFilter [http-nio-9050-exec-1] Got the request-->/ictcNew/ictc/ictc-visit-list/basic:
2024-01-09 10:00:23,063 INFO gov.naco.soch.security.JwtAuthenticationFilter [http-nio-9050-exec-1] Processing request --> username-->Krishna_Smimer:request-->/ictcNew/ictc/ictc-visit-list/basic:
2024-01-09 10:00:23,063 INFO gov.naco.soch.ictc.service.MajorListService [http-nio-9050-exec-1] params
2024-01-09 10:00:23,547 INFO gov.naco.soch.ictc.service.MajorListService [http-nio-9050-exec-1] Obj Size : {}10
2024-01-09 10:00:23,579 INFO gov.naco.soch.security.JwtAuthenticationFilter [http-nio-9050-exec-1] APIEXECUTIONTIME /ictcNew/ictc/ictc-visit-list/basic-->username-->Krishna_Smimer:-->516 ms
2024-01-09 10:00:24,016 INFO gov.naco.soch.security.JwtAuthenticationFilter [http-nio-9050-exec-2] Got the request-->/ictcNew/ictc/ictc-visit-list/basic:
2024-01-09 10:00:24,016 INFO gov.naco.soch.security.JwtAuthenticationFilter [http-nio-9050-exec-2] Processing request --> username-->Krishna_Smimer:request-->/ictcNew/ictc/ictc-visit-list/basic:
2024-01-09 10:00:24,016 INFO gov.naco.soch.ictc.service.MajorListService [http-nio-9050-exec-2] params
2024-01-09 10:00:24,703 INFO gov.naco.soch.ictc.service.MajorListService [http-nio-9050-exec-2] Obj Size : {}10
2024-01-09 10:00:24,750 INFO gov.naco.soch.security.JwtAuthenticationFilter [http-nio-9050-exec-2] APIEXECUTIONTIME /ictcNew/ictc/ictc-visit-list/basic-->username-->Krishna_Smimer:-->734 ms
2024-01-09 10:00:25,188 INFO gov.naco.soch.security.JwtAuthenticationFilter [http-nio-9050-exec-4] Got the request-->/ictcNew/ictc/ictc-visit-list/basic:
2024-01-09 10:00:25,188 INFO gov.naco.soch.security.JwtAuthenticationFilter [http-nio-9050-exec-4] Processing request --> username-->Krishna_Smimer:request-->/ictcNew/ictc/ictc-visit-list/basic:
2024-01-09 10:00:25,188 INFO gov.naco.soch.ictc.service.MajorListService [http-nio-9050-exec-4] params
2024-01-09 10:02:21,891 INFO gov.naco.soch.security.JwtAuthenticationFilter [http-nio-9050-exec-7] Got the request-->/ictcNew/ictc/ictc-visit-list/basic:
2024-01-09 10:02:21,907 INFO gov.naco.soch.security.JwtAuthenticationFilter [http-nio-9050-exec-7] Processing request --> username-->Krishna_Smimer:request-->/ictcNew/ictc/ictc-visit-list/basic:
2024-01-09 10:02:21,907 INFO gov.naco.soch.ictc.service.MajorListService [http-nio-9050-exec-7] params
2024-01-09 10:02:23,203 INFO gov.naco.soch.security.JwtAuthenticationFilter [http-nio-9050-exec-10] Got the request-->/ictcNew/ictc/ictc-visit-list/basic:
2024-01-09 10:02:23,203 INFO gov.naco.soch.security.JwtAuthenticationFilter [http-nio-9050-exec-10] Processing request --> username-->Krishna_Smimer:request-->/ictcNew/ictc/ictc-visit-list/basic:
2024-01-09 10:02:23,203 INFO gov.naco.soch.ictc.service.MajorListService [http-nio-9050-exec-10] params
2024-01-09 10:02:23,219 INFO gov.naco.soch.ictc.service.MajorListService [http-nio-9050-exec-10] Obj Size : {}10
2024-01-09 10:02:23,282 INFO gov.naco.soch.security.JwtAuthenticationFilter [http-nio-9050-exec-10] APIEXECUTIONTIME /ictcNew/ictc/ictc-visit-list/basic-->username-->Krishna_Smimer:-->79 ms
2024-01-09 10:02:26,079 INFO gov.naco.soch.ictc.service.MajorListService [http-nio-9050-exec-7] Obj Size : {}10
2024-01-09 10:02:26,110 INFO gov.naco.soch.security.JwtAuthenticationFilter [http-nio-9050-exec-7] APIEXECUTIONTIME /ictcNew/ictc/ictc-visit-list/basic-->username-->Krishna_Smimer:-->4219 ms
2024-01-09 10:02:28,141 INFO gov.naco.soch.security.JwtAuthenticationFilter [http-nio-9050-exec-1] Got the request-->/ictcNew/ictc/ictc-visit-list/basic:
2024-01-09 10:02:28,141 INFO gov.naco.soch.security.JwtAuthenticationFilter [http-nio-9050-exec-1] Processing request --> username-->Krishna_Smimer:request-->/ictcNew/ictc/ictc-visit-list/basic:
2024-01-09 10:02:28,156 INFO gov.naco.soch.ictc.service.MajorListService [http-nio-9050-exec-1] params
2024-01-09 10:02:28,172 INFO gov.naco.soch.ictc.service.MajorListService [http-nio-9050-exec-1] Obj Size : {}10
2024-01-09 10:02:28,219 INFO gov.naco.soch.security.JwtAuthenticationFilter [http-nio-9050-exec-1] APIEXECUTIONTIME /ictcNew/ictc/ictc-visit-list/basic-->username-->Krishna_Smimer:-->78 ms
2024-01-09 10:02:29,562 INFO gov.naco.soch.security.JwtAuthenticationFilter [http-nio-9050-exec-2] Got the request-->/ictcNew/ictc/ictc-visit-list/basic:
2024-01-09 10:02:29,562 INFO gov.naco.soch.security.JwtAuthenticationFilter [http-nio-9050-exec-2] Processing request --> username-->Krishna_Smimer:request-->/ictcNew/ictc/ictc-visit-list/basic:
2024-01-09 10:02:29,578 INFO gov.naco.soch.ictc.service.MajorListService [http-nio-9050-exec-2] params
2024-01-09 10:02:29,578 INFO gov.naco.soch.ictc.service.MajorListService [http-nio-9050-exec-2] Obj Size : {}10
2024-01-09 10:02:29,625 INFO gov.naco.soch.security.JwtAuthenticationFilter [http-nio-9050-exec-2] APIEXECUTIONTIME /ictcNew/ictc/ictc-visit-list/basic-->username-->Krishna_Smimer:-->63 ms
2024-01-09 10:02:30,953 INFO gov.naco.soch.security.JwtAuthenticationFilter [http-nio-9050-exec-5] Got the request-->/ictcNew/ictc/ictc-visit-list/basic:
2024-01-09 10:02:30,953 INFO gov.naco.soch.security.JwtAuthenticationFilter [http-nio-9050-exec-5] Processing request --> username-->Krishna_Smimer:request-->/ictcNew/ictc/ictc-visit-list/basic:
2024-01-09 10:02:30,953 INFO gov.naco.soch.ictc.service.MajorListService [http-nio-9050-exec-5] params
2024-01-09 10:02:30,999 INFO gov.naco.soch.ictc.service.MajorListService [http-nio-9050-exec-5] Obj Size : {}10
2024-01-09 10:02:31,046 INFO gov.naco.soch.security.JwtAuthenticationFilter [http-nio-9050-exec-5] APIEXECUTIONTIME /ictcNew/ictc/ictc-visit-list/basic-->username-->Krishna_Smimer:-->93 ms
2024-01-09 10:02:32,077 INFO gov.naco.soch.security.JwtAuthenticationFilter [http-nio-9050-exec-10] Got the request-->/ictcNew/ictc/ictc-visit-list/basic:
2024-01-09 10:02:32,077 INFO gov.naco.soch.security.JwtAuthenticationFilter [http-nio-9050-exec-10] Processing request --> username-->Krishna_Smimer:request-->/ictcNew/ictc/ictc-visit-list/basic:
2024-01-09 10:02:32,093 INFO gov.naco.soch.ictc.service.MajorListService [http-nio-9050-exec-10] params
2024-01-09 10:02:32,140 INFO gov.naco.soch.ictc.service.MajorListService [http-nio-9050-exec-10] Obj Size : {}10
2024-01-09 10:02:32,171 INFO gov.naco.soch.security.JwtAuthenticationFilter [http-nio-9050-exec-10] APIEXECUTIONTIME /ictcNew/ictc/ictc-visit-list/basic-->username-->Krishna_Smimer:-->94 ms
2024-01-09 10:02:33,249 INFO gov.naco.soch.security.JwtAuthenticationFilter [http-nio-9050-exec-6] Got the request-->/ictcNew/ictc/ictc-visit-list/basic:
2024-01-09 10:02:33,249 INFO gov.naco.soch.security.JwtAuthenticationFilter [http-nio-9050-exec-6] Processing request --> username-->Krishna_Smimer:request-->/ictcNew/ictc/ictc-visit-list/basic:
2024-01-09 10:02:33,249 INFO gov.naco.soch.ictc.service.MajorListService [http-nio-9050-exec-6] params
2024-01-09 10:02:33,296 INFO gov.naco.soch.ictc.service.MajorListService [http-nio-9050-exec-6] Obj Size : {}10
2024-01-09 10:02:33,343 INFO gov.naco.soch.security.JwtAuthenticationFilter [http-nio-9050-exec-6] APIEXECUTIONTIME /ictcNew/ictc/ictc-visit-list/basic-->username-->Krishna_Smimer:-->94 ms
2024-01-09 10:02:34,514 INFO gov.naco.soch.security.JwtAuthenticationFilter [http-nio-9050-exec-8] Got the request-->/ictcNew/ictc/ictc-visit-list/basic:
2024-01-09 10:02:34,514 INFO gov.naco.soch.security.JwtAuthenticationFilter [http-nio-9050-exec-8] Processing request --> username-->Krishna_Smimer:request-->/ictcNew/ictc/ictc-visit-list/basic:
2024-01-09 10:02:34,530 INFO gov.naco.soch.ictc.service.MajorListService [http-nio-9050-exec-8] params
2024-01-09 10:02:34,561 INFO gov.naco.soch.ictc.service.MajorListService [http-nio-9050-exec-8] Obj Size : {}10
2024-01-09 10:02:34,608 INFO gov.naco.soch.security.JwtAuthenticationFilter [http-nio-9050-exec-8] APIEXECUTIONTIME /ictcNew/ictc/ictc-visit-list/basic-->username-->Krishna_Smimer:-->94 ms
2024-01-09 10:02:35,530 INFO gov.naco.soch.security.JwtAuthenticationFilter [http-nio-9050-exec-3] Got the request-->/ictcNew/ictc/ictc-visit-list/basic:
2024-01-09 10:02:35,530 INFO gov.naco.soch.security.JwtAuthenticationFilter [http-nio-9050-exec-3] Processing request --> username-->Krishna_Smimer:request-->/ictcNew/ictc/ictc-visit-list/basic:
2024-01-09 10:02:35,530 INFO gov.naco.soch.ictc.service.MajorListService [http-nio-9050-exec-3] params
2024-01-09 10:02:35,686 INFO gov.naco.soch.ictc.service.MajorListService [http-nio-9050-exec-3] Obj Size : {}10
2024-01-09 10:02:35,717 INFO gov.naco.soch.security.JwtAuthenticationFilter [http-nio-9050-exec-3] APIEXECUTIONTIME /ictcNew/ictc/ictc-visit-list/basic-->username-->Krishna_Smimer:-->187 ms
2024-01-09 10:02:56,153 INFO gov.naco.soch.security.JwtAuthenticationFilter [http-nio-9050-exec-9] Got the request-->/ictcNew/ictc/ictc-visit-list/basic:
2024-01-09 10:02:56,153 INFO gov.naco.soch.security.JwtAuthenticationFilter [http-nio-9050-exec-9] Processing request --> username-->Krishna_Smimer:request-->/ictcNew/ictc/ictc-visit-list/basic:
2024-01-09 10:02:56,153 INFO gov.naco.soch.ictc.service.MajorListService [http-nio-9050-exec-9] params
2024-01-09 10:02:56,169 INFO gov.naco.soch.ictc.service.MajorListService [http-nio-9050-exec-9] Obj Size : {}10
2024-01-09 10:02:56,200 INFO gov.naco.soch.security.JwtAuthenticationFilter [http-nio-9050-exec-9] APIEXECUTIONTIME /ictcNew/ictc/ictc-visit-list/basic-->username-->Krishna_Smimer:-->47 ms
2024-01-09 10:03:19,441 INFO gov.naco.soch.security.JwtAuthenticationFilter [http-nio-9050-exec-7] Got the request-->/ictcNew/ictc/ictc-visit-list/basic:
2024-01-09 10:03:19,441 INFO gov.naco.soch.security.JwtAuthenticationFilter [http-nio-9050-exec-7] Processing request --> username-->Krishna_Smimer:request-->/ictcNew/ictc/ictc-visit-list/basic:
2024-01-09 10:03:19,441 INFO gov.naco.soch.ictc.service.MajorListService [http-nio-9050-exec-7] params
2024-01-09 10:03:19,457 INFO gov.naco.soch.ictc.service.MajorListService [http-nio-9050-exec-7] Obj Size : {}10
2024-01-09 10:03:19,504 INFO gov.naco.soch.security.JwtAuthenticationFilter [http-nio-9050-exec-7] APIEXECUTIONTIME /ictcNew/ictc/ictc-visit-list/basic-->username-->Krishna_Smimer:-->63 ms
2024-01-09 10:04:41,001 INFO gov.naco.soch.ictc.service.MajorListService [http-nio-9050-exec-4] Obj Size : {}10
2024-01-09 10:04:41,047 INFO gov.naco.soch.security.JwtAuthenticationFilter [http-nio-9050-exec-4] APIEXECUTIONTIME /ictcNew/ictc/ictc-visit-list/basic-->username-->Krishna_Smimer:-->255859 ms
2024-01-09 10:10:35,363 INFO gov.naco.soch.security.JwtAuthenticationFilter [http-nio-9050-exec-3] Got the request-->/ictcNew/ictc/ictc-visit-list/basic:
2024-01-09 10:10:35,379 INFO gov.naco.soch.security.JwtAuthenticationFilter [http-nio-9050-exec-3] Processing request --> username-->Krishna_Smimer:request-->/ictcNew/ictc/ictc-visit-list/basic:
2024-01-09 10:10:35,379 INFO gov.naco.soch.ictc.service.MajorListService [http-nio-9050-exec-3] params
2024-01-09 10:10:35,472 INFO gov.naco.soch.ictc.service.MajorListService [http-nio-9050-exec-3] Obj Size : {}10
2024-01-09 10:10:35,504 INFO gov.naco.soch.security.JwtAuthenticationFilter [http-nio-9050-exec-3] APIEXECUTIONTIME /ictcNew/ictc/ictc-visit-list/basic-->username-->Krishna_Smimer:-->141 ms
2024-01-09 10:10:50,827 INFO gov.naco.soch.security.JwtAuthenticationFilter [http-nio-9050-exec-9] Got the request-->/ictcNew/ictc/ictc-visit-list/basic:
2024-01-09 10:10:50,827 INFO gov.naco.soch.security.JwtAuthenticationFilter [http-nio-9050-exec-9] Processing request --> username-->Krishna_Smimer:request-->/ictcNew/ictc/ictc-visit-list/basic:
2024-01-09 10:10:50,827 INFO gov.naco.soch.ictc.service.MajorListService [http-nio-9050-exec-9] params
2024-01-09 10:10:50,842 INFO gov.naco.soch.ictc.service.MajorListService [http-nio-9050-exec-9] Obj Size : {}10
2024-01-09 10:10:50,874 INFO gov.naco.soch.security.JwtAuthenticationFilter [http-nio-9050-exec-9] APIEXECUTIONTIME /ictcNew/ictc/ictc-visit-list/basic-->username-->Krishna_Smimer:-->47 ms
2024-01-09 10:10:56,966 INFO gov.naco.soch.security.JwtAuthenticationFilter [http-nio-9050-exec-7] Got the request-->/ictcNew/ictc/ictc-visit-list/basic:
2024-01-09 10:10:56,966 INFO gov.naco.soch.security.JwtAuthenticationFilter [http-nio-9050-exec-7] Processing request --> username-->Krishna_Smimer:request-->/ictcNew/ictc/ictc-visit-list/basic:
2024-01-09 10:10:56,982 INFO gov.naco.soch.ictc.service.MajorListService [http-nio-9050-exec-7] params
2024-01-09 10:10:56,997 INFO gov.naco.soch.ictc.service.MajorListService [http-nio-9050-exec-7] Obj Size : {}10
2024-01-09 10:10:57,028 INFO gov.naco.soch.security.JwtAuthenticationFilter [http-nio-9050-exec-7] APIEXECUTIONTIME /ictcNew/ictc/ictc-visit-list/basic-->username-->Krishna_Smimer:-->62 ms
2024-01-09 10:10:58,856 INFO gov.naco.soch.security.JwtAuthenticationFilter [http-nio-9050-exec-1] Got the request-->/ictcNew/ictc/ictc-visit-list/basic:
2024-01-09 10:10:58,856 INFO gov.naco.soch.security.JwtAuthenticationFilter [http-nio-9050-exec-1] Processing request --> username-->Krishna_Smimer:request-->/ictcNew/ictc/ictc-visit-list/basic:
2024-01-09 10:10:58,872 INFO gov.naco.soch.ictc.service.MajorListService [http-nio-9050-exec-1] params
2024-01-09 10:10:58,950 INFO gov.naco.soch.ictc.service.MajorListService [http-nio-9050-exec-1] Obj Size : {}100
2024-01-09 10:10:58,981 INFO gov.naco.soch.security.JwtAuthenticationFilter [http-nio-9050-exec-1] APIEXECUTIONTIME /ictcNew/ictc/ictc-visit-list/basic-->username-->Krishna_Smimer:-->125 ms
2024-01-09 10:11:04,902 INFO gov.naco.soch.security.JwtAuthenticationFilter [http-nio-9050-exec-8] Got the request-->/ictcNew/ictc/ictc-visit-list/basic:
2024-01-09 10:11:04,902 INFO gov.naco.soch.security.JwtAuthenticationFilter [http-nio-9050-exec-8] Processing request --> username-->Krishna_Smimer:request-->/ictcNew/ictc/ictc-visit-list/basic:
2024-01-09 10:11:04,902 INFO gov.naco.soch.ictc.service.MajorListService [http-nio-9050-exec-8] params
2024-01-09 10:11:04,980 INFO gov.naco.soch.ictc.service.MajorListService [http-nio-9050-exec-8] Obj Size : {}100
2024-01-09 10:11:05,011 INFO gov.naco.soch.security.JwtAuthenticationFilter [http-nio-9050-exec-8] APIEXECUTIONTIME /ictcNew/ictc/ictc-visit-list/basic-->username-->Krishna_Smimer:-->109 ms
2024-01-09 10:11:50,413 INFO gov.naco.soch.security.JwtAuthenticationFilter [http-nio-9050-exec-3] Got the request-->/ictcNew/ictc/ictc-visit-list/basic:
2024-01-09 10:11:50,413 INFO gov.naco.soch.security.JwtAuthenticationFilter [http-nio-9050-exec-3] Processing request --> username-->Krishna_Smimer:request-->/ictcNew/ictc/ictc-visit-list/basic:
2024-01-09 10:11:50,413 INFO gov.naco.soch.ictc.service.MajorListService [http-nio-9050-exec-3] params
2024-01-09 10:11:50,429 INFO gov.naco.soch.ictc.service.MajorListService [http-nio-9050-exec-3] Obj Size : {}10
2024-01-09 10:11:50,460 INFO gov.naco.soch.security.JwtAuthenticationFilter [http-nio-9050-exec-3] APIEXECUTIONTIME /ictcNew/ictc/ictc-visit-list/basic-->username-->Krishna_Smimer:-->47 ms
2024-01-09 10:11:56,928 INFO gov.naco.soch.security.JwtAuthenticationFilter [http-nio-9050-exec-9] Got the request-->/ictcNew/ictc/ictc-visit-list/basic:
2024-01-09 10:11:56,928 INFO gov.naco.soch.security.JwtAuthenticationFilter [http-nio-9050-exec-9] Processing request --> username-->Krishna_Smimer:request-->/ictcNew/ictc/ictc-visit-list/basic:
2024-01-09 10:11:56,928 INFO gov.naco.soch.ictc.service.MajorListService [http-nio-9050-exec-9] params
2024-01-09 10:11:57,006 INFO gov.naco.soch.ictc.service.MajorListService [http-nio-9050-exec-9] Obj Size : {}100
2024-01-09 10:11:57,037 INFO gov.naco.soch.security.JwtAuthenticationFilter [http-nio-9050-exec-9] APIEXECUTIONTIME /ictcNew/ictc/ictc-visit-list/basic-->username-->Krishna_Smimer:-->109 ms
2024-01-09 10:12:11,503 INFO gov.naco.soch.security.JwtAuthenticationFilter [http-nio-9050-exec-7] Got the request-->/ictcNew/ictc/ictc-visit-list/basic:
2024-01-09 10:12:11,503 INFO gov.naco.soch.security.JwtAuthenticationFilter [http-nio-9050-exec-7] Processing request --> username-->Krishna_Smimer:request-->/ictcNew/ictc/ictc-visit-list/basic:
2024-01-09 10:12:11,503 INFO gov.naco.soch.ictc.service.MajorListService [http-nio-9050-exec-7] params
2024-01-09 10:12:11,581 INFO gov.naco.soch.ictc.service.MajorListService [http-nio-9050-exec-7] Obj Size : {}100
2024-01-09 10:12:11,612 INFO gov.naco.soch.security.JwtAuthenticationFilter [http-nio-9050-exec-7] APIEXECUTIONTIME /ictcNew/ictc/ictc-visit-list/basic-->username-->Krishna_Smimer:-->109 ms
2024-01-09 10:12:37,314 INFO gov.naco.soch.security.JwtAuthenticationFilter [http-nio-9050-exec-1] Got the request-->/ictcNew/ictc/ictc-visit-list/basic:
2024-01-09 10:12:37,314 INFO gov.naco.soch.security.JwtAuthenticationFilter [http-nio-9050-exec-1] Processing request --> username-->Krishna_Smimer:request-->/ictcNew/ictc/ictc-visit-list/basic:
2024-01-09 10:12:37,329 INFO gov.naco.soch.ictc.service.MajorListService [http-nio-9050-exec-1] params
2024-01-09 10:12:37,329 INFO gov.naco.soch.ictc.service.MajorListService [http-nio-9050-exec-1] Obj Size : {}10
2024-01-09 10:12:37,360 INFO gov.naco.soch.security.JwtAuthenticationFilter [http-nio-9050-exec-1] APIEXECUTIONTIME /ictcNew/ictc/ictc-visit-list/basic-->username-->Krishna_Smimer:-->46 ms
2024-01-09 10:15:56,270 INFO gov.naco.soch.security.JwtAuthenticationFilter [http-nio-9050-exec-2] Got the request-->/ictcNew/ictc/ictc-visit-list/basic:
2024-01-09 10:15:56,270 INFO gov.naco.soch.security.JwtAuthenticationFilter [http-nio-9050-exec-2] Processing request --> username-->Krishna_Smimer:request-->/ictcNew/ictc/ictc-visit-list/basic:
2024-01-09 10:15:56,270 INFO gov.naco.soch.ictc.service.MajorListService [http-nio-9050-exec-2] params
2024-01-09 10:15:56,286 INFO gov.naco.soch.ictc.service.MajorListService [http-nio-9050-exec-2] Obj Size : {}10
2024-01-09 10:15:56,317 INFO gov.naco.soch.security.JwtAuthenticationFilter [http-nio-9050-exec-2] APIEXECUTIONTIME /ictcNew/ictc/ictc-visit-list/basic-->username-->Krishna_Smimer:-->47 ms
2024-01-09 10:16:20,335 INFO gov.naco.soch.security.JwtAuthenticationFilter [http-nio-9050-exec-5] Got the request-->/ictcNew/ictc/ictc-visit-list/basic:
2024-01-09 10:16:20,335 INFO gov.naco.soch.security.JwtAuthenticationFilter [http-nio-9050-exec-5] Processing request --> username-->Krishna_Smimer:request-->/ictcNew/ictc/ictc-visit-list/basic:
2024-01-09 10:16:20,335 INFO gov.naco.soch.ictc.service.MajorListService [http-nio-9050-exec-5] params
2024-01-09 10:16:20,350 INFO gov.naco.soch.ictc.service.MajorListService [http-nio-9050-exec-5] Obj Size : {}10
2024-01-09 10:16:20,381 INFO gov.naco.soch.security.JwtAuthenticationFilter [http-nio-9050-exec-5] APIEXECUTIONTIME /ictcNew/ictc/ictc-visit-list/basic-->username-->Krishna_Smimer:-->46 ms
2024-01-09 10:50:46,972 INFO gov.naco.soch.security.JwtAuthenticationFilter [http-nio-9050-exec-7] Got the request-->/ictcNew/ictc/ictc-visit-list/basic:
2024-01-09 10:50:46,975 INFO gov.naco.soch.security.JwtAuthenticationFilter [http-nio-9050-exec-7] Processing request --> username-->Krishna_Smimer:request-->/ictcNew/ictc/ictc-visit-list/basic:
2024-01-09 10:50:46,986 INFO gov.naco.soch.ictc.service.MajorListService [http-nio-9050-exec-7] params
2024-01-09 10:50:47,004 INFO gov.naco.soch.ictc.service.MajorListService [http-nio-9050-exec-7] Obj Size : {}10
2024-01-09 10:50:47,045 INFO gov.naco.soch.security.JwtAuthenticationFilter [http-nio-9050-exec-7] APIEXECUTIONTIME /ictcNew/ictc/ictc-visit-list/basic-->username-->Krishna_Smimer:-->73 ms
2024-01-09 10:54:09,454 INFO gov.naco.soch.security.JwtAuthenticationFilter [http-nio-9050-exec-4] Got the request-->/ictcNew/ictc/ictc-visit-list/basic:
2024-01-09 10:54:09,455 INFO gov.naco.soch.security.JwtAuthenticationFilter [http-nio-9050-exec-4] Processing request --> username-->Krishna_Smimer:request-->/ictcNew/ictc/ictc-visit-list/basic:
2024-01-09 10:54:09,460 INFO gov.naco.soch.ictc.service.MajorListService [http-nio-9050-exec-4] params
2024-01-09 10:54:09,472 INFO gov.naco.soch.ictc.service.MajorListService [http-nio-9050-exec-4] Obj Size : {}10
2024-01-09 10:54:09,507 INFO gov.naco.soch.security.JwtAuthenticationFilter [http-nio-9050-exec-4] APIEXECUTIONTIME /ictcNew/ictc/ictc-visit-list/basic-->username-->Krishna_Smimer:-->53 ms
2024-01-09 11:01:03,757 INFO gov.naco.soch.security.JwtAuthenticationFilter [http-nio-9050-exec-3] Got the request-->/ictcNew/ictc/ictc-visit-list/basic:
2024-01-09 11:01:03,759 INFO gov.naco.soch.security.JwtAuthenticationFilter [http-nio-9050-exec-3] Processing request --> username-->Krishna_Smimer:request-->/ictcNew/ictc/ictc-visit-list/basic:
2024-01-09 11:01:03,769 INFO gov.naco.soch.ictc.service.MajorListService [http-nio-9050-exec-3] params
2024-01-09 11:01:03,801 INFO gov.naco.soch.ictc.service.MajorListService [http-nio-9050-exec-3] Obj Size : {}10
2024-01-09 11:01:03,845 INFO gov.naco.soch.security.JwtAuthenticationFilter [http-nio-9050-exec-3] APIEXECUTIONTIME /ictcNew/ictc/ictc-visit-list/basic-->username-->Krishna_Smimer:-->88 ms
2024-01-09 11:01:11,563 INFO gov.naco.soch.security.JwtAuthenticationFilter [http-nio-9050-exec-9] Got the request-->/ictcNew/ictc/ictc-visit-list/basic:
2024-01-09 11:01:11,565 INFO gov.naco.soch.security.JwtAuthenticationFilter [http-nio-9050-exec-9] Processing request --> username-->Krishna_Smimer:request-->/ictcNew/ictc/ictc-visit-list/basic:
2024-01-09 11:01:11,572 INFO gov.naco.soch.ictc.service.MajorListService [http-nio-9050-exec-9] params
2024-01-09 11:01:11,583 INFO gov.naco.soch.ictc.service.MajorListService [http-nio-9050-exec-9] Obj Size : {}10
2024-01-09 11:01:11,619 INFO gov.naco.soch.security.JwtAuthenticationFilter [http-nio-9050-exec-9] APIEXECUTIONTIME /ictcNew/ictc/ictc-visit-list/basic-->username-->Krishna_Smimer:-->56 ms
2024-01-09 11:01:53,822 INFO gov.naco.soch.security.JwtAuthenticationFilter [http-nio-9050-exec-7] Got the request-->/ictcNew/ictc/ictc-visit-list/basic:
2024-01-09 11:01:53,822 INFO gov.naco.soch.security.JwtAuthenticationFilter [http-nio-9050-exec-7] Processing request --> username-->Krishna_Smimer:request-->/ictcNew/ictc/ictc-visit-list/basic:
2024-01-09 11:01:53,826 INFO gov.naco.soch.ictc.service.MajorListService [http-nio-9050-exec-7] params
2024-01-09 11:01:53,837 INFO gov.naco.soch.ictc.service.MajorListService [http-nio-9050-exec-7] Obj Size : {}10
2024-01-09 11:01:53,869 INFO gov.naco.soch.security.JwtAuthenticationFilter [http-nio-9050-exec-7] APIEXECUTIONTIME /ictcNew/ictc/ictc-visit-list/basic-->username-->Krishna_Smimer:-->47 ms
2024-01-09 11:01:56,296 INFO gov.naco.soch.security.JwtAuthenticationFilter [http-nio-9050-exec-1] Got the request-->/ictcNew/ictc/ictc-visit-list/basic:
2024-01-09 11:01:56,296 INFO gov.naco.soch.security.JwtAuthenticationFilter [http-nio-9050-exec-1] Processing request --> username-->Krishna_Smimer:request-->/ictcNew/ictc/ictc-visit-list/basic:
2024-01-09 11:01:56,300 INFO gov.naco.soch.ictc.service.MajorListService [http-nio-9050-exec-1] params
2024-01-09 11:01:56,314 INFO gov.naco.soch.ictc.service.MajorListService [http-nio-9050-exec-1] Obj Size : {}10
2024-01-09 11:01:56,343 INFO gov.naco.soch.security.JwtAuthenticationFilter [http-nio-9050-exec-1] APIEXECUTIONTIME /ictcNew/ictc/ictc-visit-list/basic-->username-->Krishna_Smimer:-->47 ms
2024-01-09 11:01:58,262 INFO gov.naco.soch.security.JwtAuthenticationFilter [http-nio-9050-exec-8] Got the request-->/ictcNew/ictc/ictc-visit-list/basic:
2024-01-09 11:01:58,263 INFO gov.naco.soch.security.JwtAuthenticationFilter [http-nio-9050-exec-8] Processing request --> username-->Krishna_Smimer:request-->/ictcNew/ictc/ictc-visit-list/basic:
2024-01-09 11:01:58,266 INFO gov.naco.soch.ictc.service.MajorListService [http-nio-9050-exec-8] params
2024-01-09 11:01:58,282 INFO gov.naco.soch.ictc.service.MajorListService [http-nio-9050-exec-8] Obj Size : {}10
2024-01-09 11:01:58,329 INFO gov.naco.soch.security.JwtAuthenticationFilter [http-nio-9050-exec-8] APIEXECUTIONTIME /ictcNew/ictc/ictc-visit-list/basic-->username-->Krishna_Smimer:-->67 ms
2024-01-09 11:01:59,041 INFO gov.naco.soch.security.JwtAuthenticationFilter [http-nio-9050-exec-3] Got the request-->/ictcNew/ictc/ictc-visit-list/basic:
2024-01-09 11:01:59,041 INFO gov.naco.soch.security.JwtAuthenticationFilter [http-nio-9050-exec-3] Processing request --> username-->Krishna_Smimer:request-->/ictcNew/ictc/ictc-visit-list/basic:
2024-01-09 11:01:59,044 INFO gov.naco.soch.ictc.service.MajorListService [http-nio-9050-exec-3] params
2024-01-09 11:01:59,081 INFO gov.naco.soch.ictc.service.MajorListService [http-nio-9050-exec-3] Obj Size : {}10
2024-01-09 11:01:59,118 INFO gov.naco.soch.security.JwtAuthenticationFilter [http-nio-9050-exec-3] APIEXECUTIONTIME /ictcNew/ictc/ictc-visit-list/basic-->username-->Krishna_Smimer:-->77 ms
2024-01-09 11:01:59,740 INFO gov.naco.soch.security.JwtAuthenticationFilter [http-nio-9050-exec-9] Got the request-->/ictcNew/ictc/ictc-visit-list/basic:
2024-01-09 11:01:59,741 INFO gov.naco.soch.security.JwtAuthenticationFilter [http-nio-9050-exec-9] Processing request --> username-->Krishna_Smimer:request-->/ictcNew/ictc/ictc-visit-list/basic:
2024-01-09 11:01:59,744 INFO gov.naco.soch.ictc.service.MajorListService [http-nio-9050-exec-9] params
2024-01-09 11:01:59,777 INFO gov.naco.soch.ictc.service.MajorListService [http-nio-9050-exec-9] Obj Size : {}10
2024-01-09 11:01:59,806 INFO gov.naco.soch.security.JwtAuthenticationFilter [http-nio-9050-exec-9] APIEXECUTIONTIME /ictcNew/ictc/ictc-visit-list/basic-->username-->Krishna_Smimer:-->66 ms
2024-01-09 11:02:00,318 INFO gov.naco.soch.security.JwtAuthenticationFilter [http-nio-9050-exec-7] Got the request-->/ictcNew/ictc/ictc-visit-list/basic:
2024-01-09 11:02:00,318 INFO gov.naco.soch.security.JwtAuthenticationFilter [http-nio-9050-exec-7] Processing request --> username-->Krishna_Smimer:request-->/ictcNew/ictc/ictc-visit-list/basic:
2024-01-09 11:02:00,322 INFO gov.naco.soch.ictc.service.MajorListService [http-nio-9050-exec-7] params
2024-01-09 11:02:00,355 INFO gov.naco.soch.ictc.service.MajorListService [http-nio-9050-exec-7] Obj Size : {}10
2024-01-09 11:02:00,384 INFO gov.naco.soch.security.JwtAuthenticationFilter [http-nio-9050-exec-7] APIEXECUTIONTIME /ictcNew/ictc/ictc-visit-list/basic-->username-->Krishna_Smimer:-->66 ms
2024-01-09 11:02:00,743 INFO gov.naco.soch.security.JwtAuthenticationFilter [http-nio-9050-exec-1] Got the request-->/ictcNew/ictc/ictc-visit-list/basic:
2024-01-09 11:02:00,744 INFO gov.naco.soch.security.JwtAuthenticationFilter [http-nio-9050-exec-1] Processing request --> username-->Krishna_Smimer:request-->/ictcNew/ictc/ictc-visit-list/basic:
2024-01-09 11:02:00,746 INFO gov.naco.soch.ictc.service.MajorListService [http-nio-9050-exec-1] params
2024-01-09 11:02:00,854 INFO gov.naco.soch.ictc.service.MajorListService [http-nio-9050-exec-1] Obj Size : {}10
2024-01-09 11:02:00,898 INFO gov.naco.soch.security.JwtAuthenticationFilter [http-nio-9050-exec-1] APIEXECUTIONTIME /ictcNew/ictc/ictc-visit-list/basic-->username-->Krishna_Smimer:-->155 ms
2024-01-09 11:02:01,303 INFO gov.naco.soch.security.JwtAuthenticationFilter [http-nio-9050-exec-8] Got the request-->/ictcNew/ictc/ictc-visit-list/basic:
2024-01-09 11:02:01,304 INFO gov.naco.soch.security.JwtAuthenticationFilter [http-nio-9050-exec-8] Processing request --> username-->Krishna_Smimer:request-->/ictcNew/ictc/ictc-visit-list/basic:
2024-01-09 11:02:01,307 INFO gov.naco.soch.ictc.service.MajorListService [http-nio-9050-exec-8] params
2024-01-09 11:02:01,397 INFO gov.naco.soch.ictc.service.MajorListService [http-nio-9050-exec-8] Obj Size : {}10
2024-01-09 11:02:01,426 INFO gov.naco.soch.security.JwtAuthenticationFilter [http-nio-9050-exec-8] APIEXECUTIONTIME /ictcNew/ictc/ictc-visit-list/basic-->username-->Krishna_Smimer:-->123 ms
2024-01-09 11:04:03,175 INFO gov.naco.soch.security.JwtAuthenticationFilter [http-nio-9050-exec-5] Got the request-->/ictcNew/ictc/ictc-visit-list/basic:
2024-01-09 11:04:03,177 INFO gov.naco.soch.security.JwtAuthenticationFilter [http-nio-9050-exec-5] Processing request --> username-->Krishna_Smimer:request-->/ictcNew/ictc/ictc-visit-list/basic:
2024-01-09 11:04:03,182 INFO gov.naco.soch.ictc.service.MajorListService [http-nio-9050-exec-5] params
2024-01-09 11:04:03,255 INFO gov.naco.soch.ictc.service.MajorListService [http-nio-9050-exec-5] Obj Size : {}10
2024-01-09 11:04:03,288 INFO gov.naco.soch.security.JwtAuthenticationFilter [http-nio-9050-exec-5] APIEXECUTIONTIME /ictcNew/ictc/ictc-visit-list/basic-->username-->Krishna_Smimer:-->113 ms
2024-01-09 11:04:04,456 INFO gov.naco.soch.security.JwtAuthenticationFilter [http-nio-9050-exec-10] Got the request-->/ictcNew/ictc/ictc-visit-list/basic:
2024-01-09 11:04:04,456 INFO gov.naco.soch.security.JwtAuthenticationFilter [http-nio-9050-exec-10] Processing request --> username-->Krishna_Smimer:request-->/ictcNew/ictc/ictc-visit-list/basic:
2024-01-09 11:04:04,460 INFO gov.naco.soch.ictc.service.MajorListService [http-nio-9050-exec-10] params
2024-01-09 11:04:04,471 INFO gov.naco.soch.ictc.service.MajorListService [http-nio-9050-exec-10] Obj Size : {}10
2024-01-09 11:04:04,500 INFO gov.naco.soch.security.JwtAuthenticationFilter [http-nio-9050-exec-10] APIEXECUTIONTIME /ictcNew/ictc/ictc-visit-list/basic-->username-->Krishna_Smimer:-->44 ms
2024-01-09 11:04:42,592 INFO gov.naco.soch.security.JwtAuthenticationFilter [http-nio-9050-exec-6] Got the request-->/ictcNew/ictc/ictc-visit-list/basic:
2024-01-09 11:04:42,593 INFO gov.naco.soch.security.JwtAuthenticationFilter [http-nio-9050-exec-6] Processing request --> username-->Krishna_Smimer:request-->/ictcNew/ictc/ictc-visit-list/basic:
2024-01-09 11:04:42,598 INFO gov.naco.soch.ictc.service.MajorListService [http-nio-9050-exec-6] params
2024-01-09 11:04:42,609 INFO gov.naco.soch.ictc.service.MajorListService [http-nio-9050-exec-6] Obj Size : {}10
2024-01-09 11:04:42,639 INFO gov.naco.soch.security.JwtAuthenticationFilter [http-nio-9050-exec-6] APIEXECUTIONTIME /ictcNew/ictc/ictc-visit-list/basic-->username-->Krishna_Smimer:-->47 ms
2024-01-09 11:05:00,591 INFO gov.naco.soch.security.JwtAuthenticationFilter [http-nio-9050-exec-4] Got the request-->/ictcNew/ictc/ictc-visit-list/basic:
2024-01-09 11:05:00,593 INFO gov.naco.soch.security.JwtAuthenticationFilter [http-nio-9050-exec-4] Processing request --> username-->Krishna_Smimer:request-->/ictcNew/ictc/ictc-visit-list/basic:
2024-01-09 11:05:00,600 INFO gov.naco.soch.ictc.service.MajorListService [http-nio-9050-exec-4] params
2024-01-09 11:05:00,643 INFO gov.naco.soch.ictc.service.MajorListService [http-nio-9050-exec-4] Obj Size : {}10
2024-01-09 11:05:00,676 INFO gov.naco.soch.security.JwtAuthenticationFilter [http-nio-9050-exec-4] APIEXECUTIONTIME /ictcNew/ictc/ictc-visit-list/basic-->username-->Krishna_Smimer:-->85 ms
2024-01-09 11:06:18,187 INFO gov.naco.soch.security.JwtAuthenticationFilter [http-nio-9050-exec-3] Got the request-->/ictcNew/ictc/ictc-visit-list/basic:
2024-01-09 11:06:18,189 INFO gov.naco.soch.security.JwtAuthenticationFilter [http-nio-9050-exec-3] Processing request --> username-->Krishna_Smimer:request-->/ictcNew/ictc/ictc-visit-list/basic:
2024-01-09 11:06:18,203 INFO gov.naco.soch.ictc.service.MajorListService [http-nio-9050-exec-3] params
2024-01-09 11:06:18,220 INFO gov.naco.soch.ictc.service.MajorListService [http-nio-9050-exec-3] Obj Size : {}10
2024-01-09 11:06:18,261 INFO gov.naco.soch.security.JwtAuthenticationFilter [http-nio-9050-exec-3] APIEXECUTIONTIME /ictcNew/ictc/ictc-visit-list/basic-->username-->Krishna_Smimer:-->74 ms
2024-01-09 11:06:59,674 INFO gov.naco.soch.security.JwtAuthenticationFilter [http-nio-9050-exec-9] Got the request-->/ictcNew/ictc/ictc-visit-list/basic:
2024-01-09 11:06:59,674 INFO gov.naco.soch.security.JwtAuthenticationFilter [http-nio-9050-exec-9] Processing request --> username-->Krishna_Smimer:request-->/ictcNew/ictc/ictc-visit-list/basic:
2024-01-09 11:06:59,684 INFO gov.naco.soch.ictc.service.MajorListService [http-nio-9050-exec-9] params
2024-01-09 11:06:59,702 INFO gov.naco.soch.ictc.service.MajorListService [http-nio-9050-exec-9] Obj Size : {}10
2024-01-09 11:06:59,742 INFO gov.naco.soch.security.JwtAuthenticationFilter [http-nio-9050-exec-9] APIEXECUTIONTIME /ictcNew/ictc/ictc-visit-list/basic-->username-->Krishna_Smimer:-->68 ms
2024-01-09 11:07:21,278 INFO gov.naco.soch.security.JwtAuthenticationFilter [http-nio-9050-exec-7] Got the request-->/ictcNew/ictc/ictc-visit-list/basic:
2024-01-09 11:07:21,279 INFO gov.naco.soch.security.JwtAuthenticationFilter [http-nio-9050-exec-7] Processing request --> username-->Krishna_Smimer:request-->/ictcNew/ictc/ictc-visit-list/basic:
2024-01-09 11:07:21,284 INFO gov.naco.soch.ictc.service.MajorListService [http-nio-9050-exec-7] params
2024-01-09 11:07:21,296 INFO gov.naco.soch.ictc.service.MajorListService [http-nio-9050-exec-7] Obj Size : {}10
2024-01-09 11:07:21,331 INFO gov.naco.soch.security.JwtAuthenticationFilter [http-nio-9050-exec-7] APIEXECUTIONTIME /ictcNew/ictc/ictc-visit-list/basic-->username-->Krishna_Smimer:-->53 ms
2024-01-09 14:18:39,111 INFO org.springframework.scheduling.concurrent.ThreadPoolTaskScheduler [Thread-1] Shutting down ExecutorService 'taskScheduler'
2024-01-09 14:18:39,116 INFO org.springframework.scheduling.concurrent.ThreadPoolTaskExecutor [Thread-1] Shutting down ExecutorService 'applicationTaskExecutor'
2024-01-09 14:18:39,256 INFO org.springframework.orm.jpa.LocalContainerEntityManagerFactoryBean [Thread-1] Closing JPA EntityManagerFactory for persistence unit 'default'
2024-01-09 14:18:39,281 INFO org.ehcache.core.EhcacheManager [Thread-1] Cache 'default-query-results-region' removed from EhcacheManager.
2024-01-09 14:18:39,292 INFO org.ehcache.core.EhcacheManager [Thread-1] Cache 'default-update-timestamps-region' removed from EhcacheManager.
