2023-09-20 16:30:08,403 INFO gov.naco.soch.ictc.IctcApplication [restartedMain] Starting IctcApplication on DESKTOP-N2FUUPQ with PID 14196 (D:\sochbackend\ictcNew\target\classes started by NACO in D:\sochbackend\ictcNew)
2023-09-20 16:30:08,404 INFO gov.naco.soch.ictc.IctcApplication [restartedMain] The following profiles are active: @env@
2023-09-20 16:30:08,451 INFO org.springframework.boot.devtools.restart.ChangeableUrls [restartedMain] The Class-Path manifest attribute in C:\Users\NACO\.m2\repository\org\glassfish\jaxb\jaxb-runtime\2.3.2\jaxb-runtime-2.3.2.jar referenced one or more files that do not exist: file:/C:/Users/NACO/.m2/repository/org/glassfish/jaxb/jaxb-runtime/2.3.2/jakarta.xml.bind-api-2.3.2.jar,file:/C:/Users/NACO/.m2/repository/org/glassfish/jaxb/jaxb-runtime/2.3.2/txw2-2.3.2.jar,file:/C:/Users/NACO/.m2/repository/org/glassfish/jaxb/jaxb-runtime/2.3.2/istack-commons-runtime-3.0.8.jar,file:/C:/Users/NACO/.m2/repository/org/glassfish/jaxb/jaxb-runtime/2.3.2/stax-ex-1.8.1.jar,file:/C:/Users/NACO/.m2/repository/org/glassfish/jaxb/jaxb-runtime/2.3.2/FastInfoset-1.2.16.jar,file:/C:/Users/NACO/.m2/repository/org/glassfish/jaxb/jaxb-runtime/2.3.2/jakarta.activation-api-1.2.1.jar
2023-09-20 16:30:08,452 INFO org.springframework.boot.devtools.env.DevToolsPropertyDefaultsPostProcessor [restartedMain] Devtools property defaults active! Set 'spring.devtools.add-properties' to 'false' to disable
2023-09-20 16:30:08,452 INFO org.springframework.boot.devtools.env.DevToolsPropertyDefaultsPostProcessor [restartedMain] For additional web related logging consider setting the 'logging.level.web' property to 'DEBUG'
2023-09-20 16:30:27,504 INFO org.springframework.data.repository.config.RepositoryConfigurationDelegate [restartedMain] Bootstrapping Spring Data JPA repositories in DEFAULT mode.
2023-09-20 16:30:28,588 INFO org.springframework.data.repository.config.RepositoryConfigurationDelegate [restartedMain] Finished Spring Data repository scanning in 1076ms. Found 452 JPA repository interfaces.
2023-09-20 16:30:29,414 INFO org.springframework.context.support.PostProcessorRegistrationDelegate$BeanPostProcessorChecker [restartedMain] Bean 'org.springframework.transaction.annotation.ProxyTransactionManagementConfiguration' of type [org.springframework.transaction.annotation.ProxyTransactionManagementConfiguration] is not eligible for getting processed by all BeanPostProcessors (for example: not eligible for auto-proxying)
2023-09-20 16:30:29,465 INFO org.springframework.context.support.PostProcessorRegistrationDelegate$BeanPostProcessorChecker [restartedMain] Bean 'org.springframework.security.config.annotation.configuration.ObjectPostProcessorConfiguration' of type [org.springframework.security.config.annotation.configuration.ObjectPostProcessorConfiguration] is not eligible for getting processed by all BeanPostProcessors (for example: not eligible for auto-proxying)
2023-09-20 16:30:29,472 INFO org.springframework.context.support.PostProcessorRegistrationDelegate$BeanPostProcessorChecker [restartedMain] Bean 'objectPostProcessor' of type [org.springframework.security.config.annotation.configuration.AutowireBeanFactoryObjectPostProcessor] is not eligible for getting processed by all BeanPostProcessors (for example: not eligible for auto-proxying)
2023-09-20 16:30:29,474 INFO org.springframework.context.support.PostProcessorRegistrationDelegate$BeanPostProcessorChecker [restartedMain] Bean 'org.springframework.security.access.expression.method.DefaultMethodSecurityExpressionHandler@364c0d0e' of type [org.springframework.security.access.expression.method.DefaultMethodSecurityExpressionHandler] is not eligible for getting processed by all BeanPostProcessors (for example: not eligible for auto-proxying)
2023-09-20 16:30:29,481 INFO org.springframework.context.support.PostProcessorRegistrationDelegate$BeanPostProcessorChecker [restartedMain] Bean 'org.springframework.security.config.annotation.method.configuration.GlobalMethodSecurityConfiguration' of type [org.springframework.security.config.annotation.method.configuration.GlobalMethodSecurityConfiguration] is not eligible for getting processed by all BeanPostProcessors (for example: not eligible for auto-proxying)
2023-09-20 16:30:29,485 INFO org.springframework.context.support.PostProcessorRegistrationDelegate$BeanPostProcessorChecker [restartedMain] Bean 'methodSecurityMetadataSource' of type [org.springframework.security.access.method.DelegatingMethodSecurityMetadataSource] is not eligible for getting processed by all BeanPostProcessors (for example: not eligible for auto-proxying)
2023-09-20 16:30:30,087 INFO org.springframework.boot.web.embedded.tomcat.TomcatWebServer [restartedMain] Tomcat initialized with port(s): 9050 (http)
2023-09-20 16:30:30,100 INFO org.apache.catalina.core.StandardService [restartedMain] Starting service [Tomcat]
2023-09-20 16:30:30,100 INFO org.apache.catalina.core.StandardEngine [restartedMain] Starting Servlet engine: [Apache Tomcat/9.0.29]
2023-09-20 16:30:30,198 INFO org.apache.catalina.core.ContainerBase.[Tomcat].[localhost].[/ictcNew] [restartedMain] Initializing Spring embedded WebApplicationContext
2023-09-20 16:30:30,199 INFO org.springframework.web.context.ContextLoader [restartedMain] Root WebApplicationContext: initialization completed in 21747 ms
2023-09-20 16:30:30,719 INFO org.hibernate.jpa.internal.util.LogHelper [restartedMain] HHH000204: Processing PersistenceUnitInfo [name: default]
2023-09-20 16:30:30,819 INFO org.hibernate.Version [restartedMain] HHH000412: Hibernate Core {5.4.9.Final}
2023-09-20 16:30:30,971 INFO org.hibernate.annotations.common.Version [restartedMain] HCANN000001: Hibernate Commons Annotations {5.1.0.Final}
2023-09-20 16:30:31,234 INFO org.hibernate.dialect.Dialect [restartedMain] HHH000400: Using dialect: org.hibernate.dialect.PostgreSQLDialect
2023-09-20 16:30:32,280 WARN org.hibernate.boot.internal.InFlightMetadataCollectorImpl [restartedMain] HHH000069: Duplicate generator name tiOstBeneficiary
2023-09-20 16:30:32,577 WARN org.hibernate.orm.cache [restartedMain] HHH90001006: Missing cache[default-update-timestamps-region] was created on-the-fly. The created cache will use a provider-specific default configuration: make sure you defined one. You can disable this warning by setting 'hibernate.javax.cache.missing_cache_strategy' to 'create'.
2023-09-20 16:30:32,645 INFO org.ehcache.core.EhcacheManager [restartedMain] Cache 'default-update-timestamps-region' created in EhcacheManager.
2023-09-20 16:30:32,653 WARN org.hibernate.orm.cache [restartedMain] HHH90001006: Missing cache[default-query-results-region] was created on-the-fly. The created cache will use a provider-specific default configuration: make sure you defined one. You can disable this warning by setting 'hibernate.javax.cache.missing_cache_strategy' to 'create'.
2023-09-20 16:30:32,655 INFO org.ehcache.core.EhcacheManager [restartedMain] Cache 'default-query-results-region' created in EhcacheManager.
2023-09-20 16:30:36,118 INFO org.hibernate.engine.transaction.jta.platform.internal.JtaPlatformInitiator [restartedMain] HHH000490: Using JtaPlatform implementation: [org.hibernate.engine.transaction.jta.platform.internal.NoJtaPlatform]
2023-09-20 16:30:36,386 INFO org.springframework.orm.jpa.LocalContainerEntityManagerFactoryBean [restartedMain] Initialized JPA EntityManagerFactory for persistence unit 'default'
2023-09-20 16:30:38,372 INFO gov.naco.soch.security.WebSecurityConfig [restartedMain] Server is starting with crossDomainAllowedOrigins->:
2023-09-20 16:30:38,430 INFO org.springframework.security.web.DefaultSecurityFilterChain [restartedMain] Creating filter chain: any request, [org.springframework.security.web.context.request.async.WebAsyncManagerIntegrationFilter@14b2693d, org.springframework.security.web.context.SecurityContextPersistenceFilter@7bce0207, org.springframework.security.web.header.HeaderWriterFilter@7b0d6f0, org.springframework.web.filter.CorsFilter@d790849, org.springframework.security.web.authentication.logout.LogoutFilter@7c64bf0b, gov.naco.soch.security.JwtAuthenticationFilter@58eec5a0, org.springframework.security.web.savedrequest.RequestCacheAwareFilter@59784fbb, org.springframework.security.web.servletapi.SecurityContextHolderAwareRequestFilter@c8d4ff6, org.springframework.security.web.authentication.AnonymousAuthenticationFilter@6c5ed688, org.springframework.security.web.session.SessionManagementFilter@3fa4417a, org.springframework.security.web.access.ExceptionTranslationFilter@460b1777, org.springframework.security.web.access.intercept.FilterSecurityInterceptor@139f0382]
2023-09-20 16:30:46,436 INFO org.springframework.scheduling.concurrent.ThreadPoolTaskExecutor [restartedMain] Initializing ExecutorService 'applicationTaskExecutor'
2023-09-20 16:30:46,639 INFO org.springframework.scheduling.concurrent.ThreadPoolTaskScheduler [restartedMain] Initializing ExecutorService 'taskScheduler'
2023-09-20 16:30:46,770 INFO org.springframework.boot.devtools.autoconfigure.OptionalLiveReloadServer [restartedMain] LiveReload server is running on port 35729
2023-09-20 16:30:46,877 INFO org.springframework.boot.web.embedded.tomcat.TomcatWebServer [restartedMain] Tomcat started on port(s): 9050 (http) with context path '/ictcNew'
2023-09-20 16:30:46,886 INFO gov.naco.soch.ictc.IctcApplication [restartedMain] Started IctcApplication in 39.007 seconds (JVM running for 39.499)
2023-09-20 16:32:18,695 INFO org.apache.catalina.core.ContainerBase.[Tomcat].[localhost].[/ictcNew] [http-nio-9050-exec-1] Initializing Spring DispatcherServlet 'dispatcherServlet'
2023-09-20 16:32:18,696 INFO org.springframework.web.servlet.DispatcherServlet [http-nio-9050-exec-1] Initializing Servlet 'dispatcherServlet'
2023-09-20 16:32:18,708 INFO org.springframework.web.servlet.DispatcherServlet [http-nio-9050-exec-1] Completed initialization in 12 ms
2023-09-20 16:32:18,795 INFO gov.naco.soch.security.JwtAuthenticationFilter [http-nio-9050-exec-2] Got the request-->/ictcNew/facility/ictc-counselling-list/basic:
2023-09-20 16:32:19,004 INFO gov.naco.soch.security.JwtAuthenticationFilter [http-nio-9050-exec-2] Processing request --> username-->ICTCCOUNCELLOR:request-->/ictcNew/facility/ictc-counselling-list/basic:
2023-09-20 16:32:19,121 INFO gov.naco.soch.security.JwtAuthenticationFilter [http-nio-9050-exec-2] APIEXECUTIONTIME /ictcNew/facility/ictc-counselling-list/basic-->username-->ICTCCOUNCELLOR:-->327 ms
2023-09-20 16:32:29,196 INFO gov.naco.soch.security.JwtAuthenticationFilter [http-nio-9050-exec-4] Got the request-->/ictcNew/ictc/ictc-visit-list/basic:
2023-09-20 16:32:29,199 INFO gov.naco.soch.security.JwtAuthenticationFilter [http-nio-9050-exec-4] Processing request --> username-->ICTCCOUNCELLOR:request-->/ictcNew/ictc/ictc-visit-list/basic:
2023-09-20 16:32:29,287 INFO gov.naco.soch.ictc.service.MajorListService [http-nio-9050-exec-4] params
2023-09-20 16:32:29,360 INFO gov.naco.soch.ictc.service.MajorListService [http-nio-9050-exec-4] Obj Size : {}10
2023-09-20 16:32:29,393 INFO gov.naco.soch.security.JwtAuthenticationFilter [http-nio-9050-exec-4] APIEXECUTIONTIME /ictcNew/ictc/ictc-visit-list/basic-->username-->ICTCCOUNCELLOR:-->197 ms
2023-09-20 16:32:32,394 INFO gov.naco.soch.security.JwtAuthenticationFilter [http-nio-9050-exec-6] Got the request-->/ictcNew/ictc/ictc-visit-list/basic:
2023-09-20 16:32:32,397 INFO gov.naco.soch.security.JwtAuthenticationFilter [http-nio-9050-exec-6] Processing request --> username-->ICTCCOUNCELLOR:request-->/ictcNew/ictc/ictc-visit-list/basic:
2023-09-20 16:32:32,456 INFO gov.naco.soch.ictc.service.MajorListService [http-nio-9050-exec-6] params
2023-09-20 16:32:32,484 INFO gov.naco.soch.ictc.service.MajorListService [http-nio-9050-exec-6] Obj Size : {}7
2023-09-20 16:32:32,491 INFO gov.naco.soch.security.JwtAuthenticationFilter [http-nio-9050-exec-6] APIEXECUTIONTIME /ictcNew/ictc/ictc-visit-list/basic-->username-->ICTCCOUNCELLOR:-->97 ms
2023-09-20 16:32:39,311 INFO gov.naco.soch.security.JwtAuthenticationFilter [http-nio-9050-exec-8] Got the request-->/ictcNew/ictc/ictc-test-result-views/advanced:
2023-09-20 16:32:39,313 INFO gov.naco.soch.security.JwtAuthenticationFilter [http-nio-9050-exec-8] Processing request --> username-->ICTCCOUNCELLOR:request-->/ictcNew/ictc/ictc-test-result-views/advanced:
2023-09-20 16:32:39,390 INFO gov.naco.soch.security.JwtAuthenticationFilter [http-nio-9050-exec-8] APIEXECUTIONTIME /ictcNew/ictc/ictc-test-result-views/advanced-->username-->ICTCCOUNCELLOR:-->79 ms
2023-09-20 16:32:40,847 INFO gov.naco.soch.security.JwtAuthenticationFilter [http-nio-9050-exec-10] Got the request-->/ictcNew/ictc/ictc-test-result-views/basic:
2023-09-20 16:32:40,849 INFO gov.naco.soch.security.JwtAuthenticationFilter [http-nio-9050-exec-10] Processing request --> username-->ICTCCOUNCELLOR:request-->/ictcNew/ictc/ictc-test-result-views/basic:
2023-09-20 16:32:40,891 INFO gov.naco.soch.security.JwtAuthenticationFilter [http-nio-9050-exec-10] APIEXECUTIONTIME /ictcNew/ictc/ictc-test-result-views/basic-->username-->ICTCCOUNCELLOR:-->44 ms
2023-09-20 16:32:44,046 INFO gov.naco.soch.security.JwtAuthenticationFilter [http-nio-9050-exec-2] Got the request-->/ictcNew/facility/ictc-counselling-list/basic:
2023-09-20 16:32:44,048 INFO gov.naco.soch.security.JwtAuthenticationFilter [http-nio-9050-exec-2] Processing request --> username-->ICTCCOUNCELLOR:request-->/ictcNew/facility/ictc-counselling-list/basic:
2023-09-20 16:32:44,056 INFO gov.naco.soch.security.JwtAuthenticationFilter [http-nio-9050-exec-2] APIEXECUTIONTIME /ictcNew/facility/ictc-counselling-list/basic-->username-->ICTCCOUNCELLOR:-->10 ms
2023-09-20 16:35:16,553 INFO gov.naco.soch.security.JwtAuthenticationFilter [http-nio-9050-exec-5] Got the request-->/ictcNew/facility/ictc-counselling-list/basic:
2023-09-20 16:35:16,555 INFO gov.naco.soch.security.JwtAuthenticationFilter [http-nio-9050-exec-5] Processing request --> username-->ICTCCOUNCELLOR:request-->/ictcNew/facility/ictc-counselling-list/basic:
2023-09-20 16:35:16,563 INFO gov.naco.soch.security.JwtAuthenticationFilter [http-nio-9050-exec-5] APIEXECUTIONTIME /ictcNew/facility/ictc-counselling-list/basic-->username-->ICTCCOUNCELLOR:-->10 ms
2023-09-20 16:37:28,726 INFO gov.naco.soch.security.JwtAuthenticationFilter [http-nio-9050-exec-8] Got the request-->/ictcNew/facility/ictc-counselling-list/basic:
2023-09-20 16:37:28,728 INFO gov.naco.soch.security.JwtAuthenticationFilter [http-nio-9050-exec-8] Processing request --> username-->ICTCCOUNCELLOR:request-->/ictcNew/facility/ictc-counselling-list/basic:
2023-09-20 16:37:28,734 INFO gov.naco.soch.security.JwtAuthenticationFilter [http-nio-9050-exec-8] APIEXECUTIONTIME /ictcNew/facility/ictc-counselling-list/basic-->username-->ICTCCOUNCELLOR:-->8 ms
2023-09-20 16:37:47,665 INFO gov.naco.soch.security.JwtAuthenticationFilter [http-nio-9050-exec-10] Got the request-->/ictcNew/facility/ictc-counselling-list/basic:
2023-09-20 16:37:47,666 INFO gov.naco.soch.security.JwtAuthenticationFilter [http-nio-9050-exec-10] Processing request --> username-->null:request-->/ictcNew/facility/ictc-counselling-list/basic:
2023-09-20 16:37:47,667 INFO gov.naco.soch.security.JwtAuthenticationFilter [http-nio-9050-exec-10] APIEXECUTIONTIME /ictcNew/facility/ictc-counselling-list/basic-->username-->null:-->2 ms
2023-09-20 16:37:52,408 INFO gov.naco.soch.security.JwtAuthenticationFilter [http-nio-9050-exec-1] Got the request-->/ictcNew/ictc/ictc-counselling-list/basic:
2023-09-20 16:37:52,410 INFO gov.naco.soch.security.JwtAuthenticationFilter [http-nio-9050-exec-1] Processing request --> username-->null:request-->/ictcNew/ictc/ictc-counselling-list/basic:
2023-09-20 16:37:57,611 INFO gov.naco.soch.security.JwtAuthenticationFilter [http-nio-9050-exec-1] APIEXECUTIONTIME /ictcNew/ictc/ictc-counselling-list/basic-->username-->null:-->5203 ms
2023-09-20 16:40:04,449 INFO gov.naco.soch.security.JwtAuthenticationFilter [http-nio-9050-exec-5] Got the request-->/ictcNew/ictc/ictc-counselling-list/basic:
2023-09-20 16:40:04,451 INFO gov.naco.soch.security.JwtAuthenticationFilter [http-nio-9050-exec-5] Processing request --> username-->ICTCCOUNCELLOR:request-->/ictcNew/ictc/ictc-counselling-list/basic:
2023-09-20 16:40:04,478 INFO gov.naco.soch.security.JwtAuthenticationFilter [http-nio-9050-exec-5] APIEXECUTIONTIME /ictcNew/ictc/ictc-counselling-list/basic-->username-->ICTCCOUNCELLOR:-->29 ms
2023-09-20 16:40:10,079 INFO gov.naco.soch.security.JwtAuthenticationFilter [http-nio-9050-exec-8] Got the request-->/ictcNew/ictc/ictc-counselling-list/basic:
2023-09-20 16:40:10,081 INFO gov.naco.soch.security.JwtAuthenticationFilter [http-nio-9050-exec-8] Processing request --> username-->ICTCCOUNCELLOR:request-->/ictcNew/ictc/ictc-counselling-list/basic:
2023-09-20 16:40:10,106 INFO gov.naco.soch.security.JwtAuthenticationFilter [http-nio-9050-exec-8] APIEXECUTIONTIME /ictcNew/ictc/ictc-counselling-list/basic-->username-->ICTCCOUNCELLOR:-->27 ms
2023-09-20 16:40:11,289 INFO gov.naco.soch.security.JwtAuthenticationFilter [http-nio-9050-exec-10] Got the request-->/ictcNew/ictc/ictc-counselling-list/basic:
2023-09-20 16:40:11,290 INFO gov.naco.soch.security.JwtAuthenticationFilter [http-nio-9050-exec-10] Processing request --> username-->ICTCCOUNCELLOR:request-->/ictcNew/ictc/ictc-counselling-list/basic:
2023-09-20 16:40:11,306 INFO gov.naco.soch.security.JwtAuthenticationFilter [http-nio-9050-exec-10] APIEXECUTIONTIME /ictcNew/ictc/ictc-counselling-list/basic-->username-->ICTCCOUNCELLOR:-->17 ms
2023-09-20 16:41:11,341 INFO gov.naco.soch.security.JwtAuthenticationFilter [http-nio-9050-exec-2] Got the request-->/ictcNew/ictc/ictc-counselling-list/basic:
2023-09-20 16:41:11,341 INFO gov.naco.soch.security.JwtAuthenticationFilter [http-nio-9050-exec-2] Processing request --> username-->ICTCCOUNCELLOR:request-->/ictcNew/ictc/ictc-counselling-list/basic:
2023-09-20 16:41:11,378 INFO gov.naco.soch.security.JwtAuthenticationFilter [http-nio-9050-exec-2] APIEXECUTIONTIME /ictcNew/ictc/ictc-counselling-list/basic-->username-->ICTCCOUNCELLOR:-->37 ms
2023-09-20 16:44:08,999 INFO gov.naco.soch.security.JwtAuthenticationFilter [http-nio-9050-exec-5] Got the request-->/ictcNew/ictc/ictc-counselling-list/basic:
2023-09-20 16:44:09,001 INFO gov.naco.soch.security.JwtAuthenticationFilter [http-nio-9050-exec-5] Processing request --> username-->ICTCCOUNCELLOR:request-->/ictcNew/ictc/ictc-counselling-list/basic:
2023-09-20 16:44:09,039 INFO gov.naco.soch.security.JwtAuthenticationFilter [http-nio-9050-exec-5] APIEXECUTIONTIME /ictcNew/ictc/ictc-counselling-list/basic-->username-->ICTCCOUNCELLOR:-->40 ms
2023-09-20 16:44:10,121 INFO gov.naco.soch.security.JwtAuthenticationFilter [http-nio-9050-exec-7] Got the request-->/ictcNew/ictc/ictc-counselling-list/basic:
2023-09-20 16:44:10,122 INFO gov.naco.soch.security.JwtAuthenticationFilter [http-nio-9050-exec-7] Processing request --> username-->ICTCCOUNCELLOR:request-->/ictcNew/ictc/ictc-counselling-list/basic:
2023-09-20 16:44:10,147 INFO gov.naco.soch.security.JwtAuthenticationFilter [http-nio-9050-exec-7] APIEXECUTIONTIME /ictcNew/ictc/ictc-counselling-list/basic-->username-->ICTCCOUNCELLOR:-->26 ms
2023-09-20 16:44:12,064 INFO gov.naco.soch.security.JwtAuthenticationFilter [http-nio-9050-exec-8] Got the request-->/ictcNew/ictc/ictc-counselling-list/basic:
2023-09-20 16:44:12,065 INFO gov.naco.soch.security.JwtAuthenticationFilter [http-nio-9050-exec-8] Processing request --> username-->ICTCCOUNCELLOR:request-->/ictcNew/ictc/ictc-counselling-list/basic:
2023-09-20 16:44:12,101 INFO gov.naco.soch.security.JwtAuthenticationFilter [http-nio-9050-exec-8] APIEXECUTIONTIME /ictcNew/ictc/ictc-counselling-list/basic-->username-->ICTCCOUNCELLOR:-->37 ms
2023-09-20 16:50:29,118 INFO gov.naco.soch.security.JwtAuthenticationFilter [http-nio-9050-exec-1] Got the request-->/ictcNew/ictc/ictc-counselling-list/basic:
2023-09-20 16:50:29,121 INFO gov.naco.soch.security.JwtAuthenticationFilter [http-nio-9050-exec-1] Processing request --> username-->ictccounsellor:request-->/ictcNew/ictc/ictc-counselling-list/basic:
2023-09-20 16:50:29,331 INFO gov.naco.soch.security.JwtAuthenticationFilter [http-nio-9050-exec-1] APIEXECUTIONTIME /ictcNew/ictc/ictc-counselling-list/basic-->username-->ictccounsellor:-->213 ms
2023-09-20 16:50:34,590 INFO gov.naco.soch.security.JwtAuthenticationFilter [http-nio-9050-exec-3] Got the request-->/ictcNew/ictc/ictc-counselling-list/basic:
2023-09-20 16:50:34,591 INFO gov.naco.soch.security.JwtAuthenticationFilter [http-nio-9050-exec-3] Processing request --> username-->ictccounsellor:request-->/ictcNew/ictc/ictc-counselling-list/basic:
2023-09-20 16:50:36,136 INFO gov.naco.soch.security.JwtAuthenticationFilter [http-nio-9050-exec-3] APIEXECUTIONTIME /ictcNew/ictc/ictc-counselling-list/basic-->username-->ictccounsellor:-->1546 ms
2023-09-20 16:50:39,917 INFO gov.naco.soch.security.JwtAuthenticationFilter [http-nio-9050-exec-5] Got the request-->/ictcNew/ictc/ictc-visit-list/basic:
2023-09-20 16:50:39,918 INFO gov.naco.soch.security.JwtAuthenticationFilter [http-nio-9050-exec-5] Processing request --> username-->ictccounsellor:request-->/ictcNew/ictc/ictc-visit-list/basic:
2023-09-20 16:50:39,968 INFO gov.naco.soch.ictc.service.MajorListService [http-nio-9050-exec-5] params
2023-09-20 16:50:39,973 INFO gov.naco.soch.ictc.service.MajorListService [http-nio-9050-exec-5] Obj Size : {}10
2023-09-20 16:50:39,975 INFO gov.naco.soch.security.JwtAuthenticationFilter [http-nio-9050-exec-5] APIEXECUTIONTIME /ictcNew/ictc/ictc-visit-list/basic-->username-->ictccounsellor:-->58 ms
2023-09-20 16:50:40,853 INFO gov.naco.soch.security.JwtAuthenticationFilter [http-nio-9050-exec-7] Got the request-->/ictcNew/ictc/ictc-visit-list/basic:
2023-09-20 16:50:40,854 INFO gov.naco.soch.security.JwtAuthenticationFilter [http-nio-9050-exec-7] Processing request --> username-->ictccounsellor:request-->/ictcNew/ictc/ictc-visit-list/basic:
2023-09-20 16:50:40,888 INFO gov.naco.soch.ictc.service.MajorListService [http-nio-9050-exec-7] params
2023-09-20 16:50:40,935 INFO gov.naco.soch.ictc.service.MajorListService [http-nio-9050-exec-7] Obj Size : {}10
2023-09-20 16:50:40,953 INFO gov.naco.soch.security.JwtAuthenticationFilter [http-nio-9050-exec-7] APIEXECUTIONTIME /ictcNew/ictc/ictc-visit-list/basic-->username-->ictccounsellor:-->100 ms
2023-09-20 16:50:50,734 INFO gov.naco.soch.security.JwtAuthenticationFilter [http-nio-9050-exec-9] Got the request-->/ictcNew/ictc/ictc-test-result-views/advanced:
2023-09-20 16:50:50,735 INFO gov.naco.soch.security.JwtAuthenticationFilter [http-nio-9050-exec-9] Processing request --> username-->ictccounsellor:request-->/ictcNew/ictc/ictc-test-result-views/advanced:
2023-09-20 16:50:50,775 INFO gov.naco.soch.security.JwtAuthenticationFilter [http-nio-9050-exec-9] APIEXECUTIONTIME /ictcNew/ictc/ictc-test-result-views/advanced-->username-->ictccounsellor:-->41 ms
2023-09-20 16:50:53,739 INFO gov.naco.soch.security.JwtAuthenticationFilter [http-nio-9050-exec-1] Got the request-->/ictcNew/ictc/ictc-test-result-views/basic:
2023-09-20 16:50:53,740 INFO gov.naco.soch.security.JwtAuthenticationFilter [http-nio-9050-exec-1] Processing request --> username-->ictccounsellor:request-->/ictcNew/ictc/ictc-test-result-views/basic:
2023-09-20 16:50:53,785 INFO gov.naco.soch.security.JwtAuthenticationFilter [http-nio-9050-exec-1] APIEXECUTIONTIME /ictcNew/ictc/ictc-test-result-views/basic-->username-->ictccounsellor:-->46 ms
2023-09-20 16:51:04,931 INFO gov.naco.soch.security.JwtAuthenticationFilter [http-nio-9050-exec-3] Got the request-->/ictcNew/ictc/ictc-test-result-views/advanced:
2023-09-20 16:51:04,932 INFO gov.naco.soch.security.JwtAuthenticationFilter [http-nio-9050-exec-3] Processing request --> username-->ictccounsellor:request-->/ictcNew/ictc/ictc-test-result-views/advanced:
2023-09-20 16:51:04,984 INFO gov.naco.soch.security.JwtAuthenticationFilter [http-nio-9050-exec-3] APIEXECUTIONTIME /ictcNew/ictc/ictc-test-result-views/advanced-->username-->ictccounsellor:-->53 ms
2023-09-20 17:04:09,318 INFO gov.naco.soch.security.JwtAuthenticationFilter [http-nio-9050-exec-6] Got the request-->/ictcNew/ictc/ictc-test-result-views/advanced:
2023-09-20 17:04:09,320 INFO gov.naco.soch.security.JwtAuthenticationFilter [http-nio-9050-exec-6] Processing request --> username-->ictccounsellor:request-->/ictcNew/ictc/ictc-test-result-views/advanced:
2023-09-20 17:04:09,401 INFO gov.naco.soch.security.JwtAuthenticationFilter [http-nio-9050-exec-6] APIEXECUTIONTIME /ictcNew/ictc/ictc-test-result-views/advanced-->username-->ictccounsellor:-->83 ms
2023-09-20 17:09:07,885 INFO gov.naco.soch.security.JwtAuthenticationFilter [http-nio-9050-exec-9] Got the request-->/ictcNew/ictc/ictc-test-result-views/advanced:
2023-09-20 17:09:07,887 INFO gov.naco.soch.security.JwtAuthenticationFilter [http-nio-9050-exec-9] Processing request --> username-->ictccounsellor:request-->/ictcNew/ictc/ictc-test-result-views/advanced:
2023-09-20 17:09:07,928 INFO gov.naco.soch.security.JwtAuthenticationFilter [http-nio-9050-exec-9] APIEXECUTIONTIME /ictcNew/ictc/ictc-test-result-views/advanced-->username-->ictccounsellor:-->43 ms
2023-09-20 17:09:43,856 INFO gov.naco.soch.security.JwtAuthenticationFilter [http-nio-9050-exec-1] Got the request-->/ictcNew/ictc/ictc-test-result-views/advanced:
2023-09-20 17:09:43,857 INFO gov.naco.soch.security.JwtAuthenticationFilter [http-nio-9050-exec-1] Processing request --> username-->ictccounsellor:request-->/ictcNew/ictc/ictc-test-result-views/advanced:
2023-09-20 17:09:43,899 INFO gov.naco.soch.security.JwtAuthenticationFilter [http-nio-9050-exec-1] APIEXECUTIONTIME /ictcNew/ictc/ictc-test-result-views/advanced-->username-->ictccounsellor:-->43 ms
2023-09-20 17:10:11,486 INFO gov.naco.soch.security.JwtAuthenticationFilter [http-nio-9050-exec-3] Got the request-->/ictcNew/ictc/ictc-test-result-views/advanced:
2023-09-20 17:10:11,487 INFO gov.naco.soch.security.JwtAuthenticationFilter [http-nio-9050-exec-3] Processing request --> username-->ictccounsellor:request-->/ictcNew/ictc/ictc-test-result-views/advanced:
2023-09-20 17:10:11,528 INFO gov.naco.soch.security.JwtAuthenticationFilter [http-nio-9050-exec-3] APIEXECUTIONTIME /ictcNew/ictc/ictc-test-result-views/advanced-->username-->ictccounsellor:-->42 ms
2023-09-20 17:12:12,885 INFO gov.naco.soch.security.JwtAuthenticationFilter [http-nio-9050-exec-6] Got the request-->/ictcNew/ictc/ictc-test-result-views/advanced:
2023-09-20 17:12:12,887 INFO gov.naco.soch.security.JwtAuthenticationFilter [http-nio-9050-exec-6] Processing request --> username-->ictccounsellor:request-->/ictcNew/ictc/ictc-test-result-views/advanced:
2023-09-20 17:12:12,928 INFO gov.naco.soch.security.JwtAuthenticationFilter [http-nio-9050-exec-6] APIEXECUTIONTIME /ictcNew/ictc/ictc-test-result-views/advanced-->username-->ictccounsellor:-->43 ms
2023-09-20 17:12:52,020 INFO gov.naco.soch.security.JwtAuthenticationFilter [http-nio-9050-exec-8] Got the request-->/ictcNew/ictc/ictc-test-result-views/advanced:
2023-09-20 17:12:52,021 INFO gov.naco.soch.security.JwtAuthenticationFilter [http-nio-9050-exec-8] Processing request --> username-->ictccounsellor:request-->/ictcNew/ictc/ictc-test-result-views/advanced:
2023-09-20 17:12:52,061 INFO gov.naco.soch.security.JwtAuthenticationFilter [http-nio-9050-exec-8] APIEXECUTIONTIME /ictcNew/ictc/ictc-test-result-views/advanced-->username-->ictccounsellor:-->41 ms
2023-09-20 17:13:12,046 INFO gov.naco.soch.security.JwtAuthenticationFilter [http-nio-9050-exec-10] Got the request-->/ictcNew/ictc/ictc-test-result-views/advanced:
2023-09-20 17:13:12,046 INFO gov.naco.soch.security.JwtAuthenticationFilter [http-nio-9050-exec-10] Processing request --> username-->ictccounsellor:request-->/ictcNew/ictc/ictc-test-result-views/advanced:
2023-09-20 17:13:12,085 INFO gov.naco.soch.security.JwtAuthenticationFilter [http-nio-9050-exec-10] APIEXECUTIONTIME /ictcNew/ictc/ictc-test-result-views/advanced-->username-->ictccounsellor:-->39 ms
2023-09-20 17:14:56,110 INFO gov.naco.soch.security.JwtAuthenticationFilter [http-nio-9050-exec-3] Got the request-->/ictcNew/ictc/ictc-test-result-views/advanced:
2023-09-20 17:14:56,111 INFO gov.naco.soch.security.JwtAuthenticationFilter [http-nio-9050-exec-3] Processing request --> username-->ictccounsellor:request-->/ictcNew/ictc/ictc-test-result-views/advanced:
2023-09-20 17:14:56,154 INFO gov.naco.soch.security.JwtAuthenticationFilter [http-nio-9050-exec-3] APIEXECUTIONTIME /ictcNew/ictc/ictc-test-result-views/advanced-->username-->ictccounsellor:-->44 ms
2023-09-20 17:16:35,433 INFO gov.naco.soch.security.JwtAuthenticationFilter [http-nio-9050-exec-6] Got the request-->/ictcNew/ictc/ictc-test-result-views/advanced:
2023-09-20 17:16:35,435 INFO gov.naco.soch.security.JwtAuthenticationFilter [http-nio-9050-exec-6] Processing request --> username-->ictccounsellor:request-->/ictcNew/ictc/ictc-test-result-views/advanced:
2023-09-20 17:16:35,474 INFO gov.naco.soch.security.JwtAuthenticationFilter [http-nio-9050-exec-6] APIEXECUTIONTIME /ictcNew/ictc/ictc-test-result-views/advanced-->username-->ictccounsellor:-->41 ms
