2024-01-08 14:07:21,353 INFO gov.naco.soch.ictc.IctcApplication [restartedMain] Starting IctcApplication on DESKTOP-N2FUUPQ with PID 23424 (D:\sochbackend\ictcNew\target\classes started by NACO in D:\sochbackend\ictcNew)
2024-01-08 14:07:21,358 INFO gov.naco.soch.ictc.IctcApplication [restartedMain] The following profiles are active: @env@
2024-01-08 14:07:21,416 INFO org.springframework.boot.devtools.restart.ChangeableUrls [restartedMain] The Class-Path manifest attribute in C:\Users\NACO\.m2\repository\org\glassfish\jaxb\jaxb-runtime\2.3.2\jaxb-runtime-2.3.2.jar referenced one or more files that do not exist: file:/C:/Users/NACO/.m2/repository/org/glassfish/jaxb/jaxb-runtime/2.3.2/jakarta.xml.bind-api-2.3.2.jar,file:/C:/Users/NACO/.m2/repository/org/glassfish/jaxb/jaxb-runtime/2.3.2/txw2-2.3.2.jar,file:/C:/Users/NACO/.m2/repository/org/glassfish/jaxb/jaxb-runtime/2.3.2/istack-commons-runtime-3.0.8.jar,file:/C:/Users/NACO/.m2/repository/org/glassfish/jaxb/jaxb-runtime/2.3.2/stax-ex-1.8.1.jar,file:/C:/Users/NACO/.m2/repository/org/glassfish/jaxb/jaxb-runtime/2.3.2/FastInfoset-1.2.16.jar,file:/C:/Users/NACO/.m2/repository/org/glassfish/jaxb/jaxb-runtime/2.3.2/jakarta.activation-api-1.2.1.jar
2024-01-08 14:07:21,417 INFO org.springframework.boot.devtools.env.DevToolsPropertyDefaultsPostProcessor [restartedMain] Devtools property defaults active! Set 'spring.devtools.add-properties' to 'false' to disable
2024-01-08 14:07:21,418 INFO org.springframework.boot.devtools.env.DevToolsPropertyDefaultsPostProcessor [restartedMain] For additional web related logging consider setting the 'logging.level.web' property to 'DEBUG'
2024-01-08 14:07:31,744 INFO org.springframework.data.repository.config.RepositoryConfigurationDelegate [restartedMain] Bootstrapping Spring Data JPA repositories in DEFAULT mode.
2024-01-08 14:07:32,864 INFO org.springframework.data.repository.config.RepositoryConfigurationDelegate [restartedMain] Finished Spring Data repository scanning in 1113ms. Found 455 JPA repository interfaces.
2024-01-08 14:07:33,914 INFO org.springframework.context.support.PostProcessorRegistrationDelegate$BeanPostProcessorChecker [restartedMain] Bean 'org.springframework.transaction.annotation.ProxyTransactionManagementConfiguration' of type [org.springframework.transaction.annotation.ProxyTransactionManagementConfiguration] is not eligible for getting processed by all BeanPostProcessors (for example: not eligible for auto-proxying)
2024-01-08 14:07:33,944 INFO org.springframework.context.support.PostProcessorRegistrationDelegate$BeanPostProcessorChecker [restartedMain] Bean 'org.springframework.security.config.annotation.configuration.ObjectPostProcessorConfiguration' of type [org.springframework.security.config.annotation.configuration.ObjectPostProcessorConfiguration] is not eligible for getting processed by all BeanPostProcessors (for example: not eligible for auto-proxying)
2024-01-08 14:07:33,954 INFO org.springframework.context.support.PostProcessorRegistrationDelegate$BeanPostProcessorChecker [restartedMain] Bean 'objectPostProcessor' of type [org.springframework.security.config.annotation.configuration.AutowireBeanFactoryObjectPostProcessor] is not eligible for getting processed by all BeanPostProcessors (for example: not eligible for auto-proxying)
2024-01-08 14:07:33,954 INFO org.springframework.context.support.PostProcessorRegistrationDelegate$BeanPostProcessorChecker [restartedMain] Bean 'org.springframework.security.access.expression.method.DefaultMethodSecurityExpressionHandler@7a6634b6' of type [org.springframework.security.access.expression.method.DefaultMethodSecurityExpressionHandler] is not eligible for getting processed by all BeanPostProcessors (for example: not eligible for auto-proxying)
2024-01-08 14:07:33,964 INFO org.springframework.context.support.PostProcessorRegistrationDelegate$BeanPostProcessorChecker [restartedMain] Bean 'org.springframework.security.config.annotation.method.configuration.GlobalMethodSecurityConfiguration' of type [org.springframework.security.config.annotation.method.configuration.GlobalMethodSecurityConfiguration] is not eligible for getting processed by all BeanPostProcessors (for example: not eligible for auto-proxying)
2024-01-08 14:07:33,964 INFO org.springframework.context.support.PostProcessorRegistrationDelegate$BeanPostProcessorChecker [restartedMain] Bean 'methodSecurityMetadataSource' of type [org.springframework.security.access.method.DelegatingMethodSecurityMetadataSource] is not eligible for getting processed by all BeanPostProcessors (for example: not eligible for auto-proxying)
2024-01-08 14:07:34,764 INFO org.springframework.boot.web.embedded.tomcat.TomcatWebServer [restartedMain] Tomcat initialized with port(s): 9050 (http)
2024-01-08 14:07:34,784 INFO org.apache.catalina.core.StandardService [restartedMain] Starting service [Tomcat]
2024-01-08 14:07:34,784 INFO org.apache.catalina.core.StandardEngine [restartedMain] Starting Servlet engine: [Apache Tomcat/9.0.29]
2024-01-08 14:07:34,924 INFO org.apache.catalina.core.ContainerBase.[Tomcat].[localhost].[/ictcNew] [restartedMain] Initializing Spring embedded WebApplicationContext
2024-01-08 14:07:34,924 INFO org.springframework.web.context.ContextLoader [restartedMain] Root WebApplicationContext: initialization completed in 13506 ms
2024-01-08 14:07:35,404 INFO org.hibernate.jpa.internal.util.LogHelper [restartedMain] HHH000204: Processing PersistenceUnitInfo [name: default]
2024-01-08 14:07:35,474 INFO org.hibernate.Version [restartedMain] HHH000412: Hibernate Core {5.4.9.Final}
2024-01-08 14:07:35,584 INFO org.hibernate.annotations.common.Version [restartedMain] HCANN000001: Hibernate Commons Annotations {5.1.0.Final}
2024-01-08 14:07:35,885 INFO org.hibernate.dialect.Dialect [restartedMain] HHH000400: Using dialect: org.hibernate.dialect.PostgreSQLDialect
2024-01-08 14:07:37,495 WARN org.hibernate.boot.internal.InFlightMetadataCollectorImpl [restartedMain] HHH000069: Duplicate generator name tiOstBeneficiary
2024-01-08 14:07:37,805 WARN org.hibernate.orm.cache [restartedMain] HHH90001006: Missing cache[default-update-timestamps-region] was created on-the-fly. The created cache will use a provider-specific default configuration: make sure you defined one. You can disable this warning by setting 'hibernate.javax.cache.missing_cache_strategy' to 'create'.
2024-01-08 14:07:37,875 INFO org.ehcache.core.EhcacheManager [restartedMain] Cache 'default-update-timestamps-region' created in EhcacheManager.
2024-01-08 14:07:37,885 WARN org.hibernate.orm.cache [restartedMain] HHH90001006: Missing cache[default-query-results-region] was created on-the-fly. The created cache will use a provider-specific default configuration: make sure you defined one. You can disable this warning by setting 'hibernate.javax.cache.missing_cache_strategy' to 'create'.
2024-01-08 14:07:37,885 INFO org.ehcache.core.EhcacheManager [restartedMain] Cache 'default-query-results-region' created in EhcacheManager.
2024-01-08 14:07:42,356 INFO org.hibernate.engine.transaction.jta.platform.internal.JtaPlatformInitiator [restartedMain] HHH000490: Using JtaPlatform implementation: [org.hibernate.engine.transaction.jta.platform.internal.NoJtaPlatform]
2024-01-08 14:07:42,706 INFO org.springframework.orm.jpa.LocalContainerEntityManagerFactoryBean [restartedMain] Initialized JPA EntityManagerFactory for persistence unit 'default'
2024-01-08 14:07:46,517 INFO gov.naco.soch.security.WebSecurityConfig [restartedMain] Server is starting with crossDomainAllowedOrigins->:
2024-01-08 14:07:46,617 INFO org.springframework.security.web.DefaultSecurityFilterChain [restartedMain] Creating filter chain: any request, [org.springframework.security.web.context.request.async.WebAsyncManagerIntegrationFilter@328a04fb, org.springframework.security.web.context.SecurityContextPersistenceFilter@10db3743, org.springframework.security.web.header.HeaderWriterFilter@5cfcd8d5, org.springframework.web.filter.CorsFilter@76ff0b5a, org.springframework.security.web.authentication.logout.LogoutFilter@5f89ffd1, gov.naco.soch.security.JwtAuthenticationFilter@1d5ef27e, org.springframework.security.web.savedrequest.RequestCacheAwareFilter@1576aa6d, org.springframework.security.web.servletapi.SecurityContextHolderAwareRequestFilter@7e7db7eb, org.springframework.security.web.authentication.AnonymousAuthenticationFilter@696eef22, org.springframework.security.web.session.SessionManagementFilter@2d34eba9, org.springframework.security.web.access.ExceptionTranslationFilter@1c8d8de1, org.springframework.security.web.access.intercept.FilterSecurityInterceptor@161064a0]
2024-01-08 14:07:59,179 INFO org.springframework.scheduling.concurrent.ThreadPoolTaskExecutor [restartedMain] Initializing ExecutorService 'applicationTaskExecutor'
2024-01-08 14:07:59,319 INFO org.springframework.scheduling.concurrent.ThreadPoolTaskScheduler [restartedMain] Initializing ExecutorService 'taskScheduler'
2024-01-08 14:07:59,439 WARN org.springframework.boot.devtools.autoconfigure.OptionalLiveReloadServer [restartedMain] Unable to start LiveReload server
2024-01-08 14:07:59,509 INFO org.springframework.boot.web.embedded.tomcat.TomcatWebServer [restartedMain] Tomcat started on port(s): 9050 (http) with context path '/ictcNew'
2024-01-08 14:07:59,519 INFO gov.naco.soch.ictc.IctcApplication [restartedMain] Started IctcApplication in 38.642 seconds (JVM running for 41.829)
2024-01-08 14:10:40,776 INFO org.apache.catalina.core.ContainerBase.[Tomcat].[localhost].[/ictcNew] [http-nio-9050-exec-1] Initializing Spring DispatcherServlet 'dispatcherServlet'
2024-01-08 14:10:40,776 INFO org.springframework.web.servlet.DispatcherServlet [http-nio-9050-exec-1] Initializing Servlet 'dispatcherServlet'
2024-01-08 14:10:40,786 INFO org.springframework.web.servlet.DispatcherServlet [http-nio-9050-exec-1] Completed initialization in 10 ms
2024-01-08 14:10:40,836 INFO gov.naco.soch.security.JwtAuthenticationFilter [http-nio-9050-exec-2] Got the request-->/ictcNew/ictc/ictc-visit-list/basic:
2024-01-08 14:10:40,956 INFO gov.naco.soch.security.JwtAuthenticationFilter [http-nio-9050-exec-2] Processing request --> username-->ictccounsellor:request-->/ictcNew/ictc/ictc-visit-list/basic:
2024-01-08 14:10:41,056 INFO gov.naco.soch.ictc.service.MajorListService [http-nio-9050-exec-2] params
2024-01-08 14:10:43,407 INFO gov.naco.soch.ictc.service.MajorListService [http-nio-9050-exec-2] Obj Size : {}10
2024-01-08 14:11:42,272 INFO gov.naco.soch.security.JwtAuthenticationFilter [http-nio-9050-exec-2] APIEXECUTIONTIME /ictcNew/ictc/ictc-visit-list/basic-->username-->ictccounsellor:-->61436 ms
2024-01-08 14:12:50,699 INFO gov.naco.soch.security.JwtAuthenticationFilter [http-nio-9050-exec-5] Got the request-->/ictcNew/ictc/ictc-visit-list/basic:
2024-01-08 14:12:50,704 INFO gov.naco.soch.security.JwtAuthenticationFilter [http-nio-9050-exec-5] Processing request --> username-->ictccounsellor:request-->/ictcNew/ictc/ictc-visit-list/basic:
2024-01-08 14:12:50,710 INFO gov.naco.soch.ictc.service.MajorListService [http-nio-9050-exec-5] params
2024-01-08 14:12:50,736 INFO gov.naco.soch.ictc.service.MajorListService [http-nio-9050-exec-5] Obj Size : {}10
2024-01-08 14:12:50,798 INFO gov.naco.soch.security.JwtAuthenticationFilter [http-nio-9050-exec-5] APIEXECUTIONTIME /ictcNew/ictc/ictc-visit-list/basic-->username-->ictccounsellor:-->99 ms
2024-01-08 14:12:54,694 INFO gov.naco.soch.security.JwtAuthenticationFilter [http-nio-9050-exec-6] Got the request-->/ictcNew/ictc/ictc-visit-list/basic:
2024-01-08 14:12:54,699 INFO gov.naco.soch.security.JwtAuthenticationFilter [http-nio-9050-exec-6] Processing request --> username-->ictccounsellor:request-->/ictcNew/ictc/ictc-visit-list/basic:
2024-01-08 14:12:54,709 INFO gov.naco.soch.ictc.service.MajorListService [http-nio-9050-exec-6] params
2024-01-08 14:12:54,733 INFO gov.naco.soch.ictc.service.MajorListService [http-nio-9050-exec-6] Obj Size : {}10
2024-01-08 14:12:54,788 INFO gov.naco.soch.security.JwtAuthenticationFilter [http-nio-9050-exec-6] APIEXECUTIONTIME /ictcNew/ictc/ictc-visit-list/basic-->username-->ictccounsellor:-->95 ms
2024-01-08 14:13:34,782 INFO gov.naco.soch.security.JwtAuthenticationFilter [http-nio-9050-exec-8] Got the request-->/ictcNew/ictc/ictc-visit-list/basic:
2024-01-08 14:13:34,782 INFO gov.naco.soch.security.JwtAuthenticationFilter [http-nio-9050-exec-8] Processing request --> username-->ICTCRAJ:request-->/ictcNew/ictc/ictc-visit-list/basic:
2024-01-08 14:13:34,782 INFO gov.naco.soch.ictc.service.MajorListService [http-nio-9050-exec-8] params
2024-01-08 14:26:37,159 INFO gov.naco.soch.ictc.service.MajorListService [http-nio-9050-exec-8] Obj Size : {}10
2024-01-08 14:26:57,560 INFO gov.naco.soch.security.JwtAuthenticationFilter [http-nio-9050-exec-8] APIEXECUTIONTIME /ictcNew/ictc/ictc-visit-list/basic-->username-->ICTCRAJ:-->802778 ms
2024-01-08 14:28:50,788 INFO gov.naco.soch.security.JwtAuthenticationFilter [http-nio-9050-exec-1] Got the request-->/ictcNew/ictc/ictc-visit-list/basic:
2024-01-08 14:28:50,788 INFO gov.naco.soch.security.JwtAuthenticationFilter [http-nio-9050-exec-1] Processing request --> username-->ictccounsellor:request-->/ictcNew/ictc/ictc-visit-list/basic:
2024-01-08 14:28:50,798 INFO gov.naco.soch.ictc.service.MajorListService [http-nio-9050-exec-1] params
2024-01-08 14:28:50,828 INFO gov.naco.soch.ictc.service.MajorListService [http-nio-9050-exec-1] Obj Size : {}10
2024-01-08 14:28:51,238 INFO gov.naco.soch.security.JwtAuthenticationFilter [http-nio-9050-exec-1] APIEXECUTIONTIME /ictcNew/ictc/ictc-visit-list/basic-->username-->ictccounsellor:-->450 ms
2024-01-08 14:42:56,166 INFO gov.naco.soch.security.JwtAuthenticationFilter [http-nio-9050-exec-4] Got the request-->/ictcNew/ictc/ictc-visit-list/basic:
2024-01-08 14:42:56,169 INFO gov.naco.soch.security.JwtAuthenticationFilter [http-nio-9050-exec-4] Processing request --> username-->ictccounsellor:request-->/ictcNew/ictc/ictc-visit-list/basic:
2024-01-08 14:42:56,182 INFO gov.naco.soch.ictc.service.MajorListService [http-nio-9050-exec-4] params
2024-01-08 14:42:56,679 INFO gov.naco.soch.ictc.service.MajorListService [http-nio-9050-exec-4] Obj Size : {}10
2024-01-08 14:42:56,743 INFO gov.naco.soch.security.JwtAuthenticationFilter [http-nio-9050-exec-4] APIEXECUTIONTIME /ictcNew/ictc/ictc-visit-list/basic-->username-->ictccounsellor:-->577 ms
2024-01-08 14:43:04,795 INFO gov.naco.soch.security.JwtAuthenticationFilter [http-nio-9050-exec-6] Got the request-->/ictcNew/ictc/ictc-visit-list/basic:
2024-01-08 14:43:04,797 INFO gov.naco.soch.security.JwtAuthenticationFilter [http-nio-9050-exec-6] Processing request --> username-->ictccounsellor:request-->/ictcNew/ictc/ictc-visit-list/basic:
2024-01-08 14:43:04,805 INFO gov.naco.soch.ictc.service.MajorListService [http-nio-9050-exec-6] params
2024-01-08 14:43:04,978 INFO gov.naco.soch.ictc.service.MajorListService [http-nio-9050-exec-6] Obj Size : {}10
2024-01-08 14:43:05,072 INFO gov.naco.soch.security.JwtAuthenticationFilter [http-nio-9050-exec-6] APIEXECUTIONTIME /ictcNew/ictc/ictc-visit-list/basic-->username-->ictccounsellor:-->277 ms
2024-01-08 14:43:06,018 INFO gov.naco.soch.security.JwtAuthenticationFilter [http-nio-9050-exec-8] Got the request-->/ictcNew/ictc/ictc-visit-list/basic:
2024-01-08 14:43:06,021 INFO gov.naco.soch.security.JwtAuthenticationFilter [http-nio-9050-exec-8] Processing request --> username-->ictccounsellor:request-->/ictcNew/ictc/ictc-visit-list/basic:
2024-01-08 14:43:06,031 INFO gov.naco.soch.ictc.service.MajorListService [http-nio-9050-exec-8] params
2024-01-08 14:43:06,198 INFO gov.naco.soch.ictc.service.MajorListService [http-nio-9050-exec-8] Obj Size : {}10
2024-01-08 14:43:06,260 INFO gov.naco.soch.security.JwtAuthenticationFilter [http-nio-9050-exec-8] APIEXECUTIONTIME /ictcNew/ictc/ictc-visit-list/basic-->username-->ictccounsellor:-->242 ms
2024-01-08 14:43:06,732 INFO gov.naco.soch.security.JwtAuthenticationFilter [http-nio-9050-exec-10] Got the request-->/ictcNew/ictc/ictc-visit-list/basic:
2024-01-08 14:43:06,734 INFO gov.naco.soch.security.JwtAuthenticationFilter [http-nio-9050-exec-10] Processing request --> username-->ictccounsellor:request-->/ictcNew/ictc/ictc-visit-list/basic:
2024-01-08 14:43:06,738 INFO gov.naco.soch.ictc.service.MajorListService [http-nio-9050-exec-10] params
2024-01-08 14:43:06,851 INFO gov.naco.soch.ictc.service.MajorListService [http-nio-9050-exec-10] Obj Size : {}10
2024-01-08 14:43:06,946 INFO gov.naco.soch.security.JwtAuthenticationFilter [http-nio-9050-exec-10] APIEXECUTIONTIME /ictcNew/ictc/ictc-visit-list/basic-->username-->ictccounsellor:-->214 ms
2024-01-08 14:43:07,329 INFO gov.naco.soch.security.JwtAuthenticationFilter [http-nio-9050-exec-2] Got the request-->/ictcNew/ictc/ictc-visit-list/basic:
2024-01-08 14:43:07,333 INFO gov.naco.soch.security.JwtAuthenticationFilter [http-nio-9050-exec-2] Processing request --> username-->ictccounsellor:request-->/ictcNew/ictc/ictc-visit-list/basic:
2024-01-08 14:43:07,338 INFO gov.naco.soch.ictc.service.MajorListService [http-nio-9050-exec-2] params
2024-01-08 14:43:07,505 INFO gov.naco.soch.ictc.service.MajorListService [http-nio-9050-exec-2] Obj Size : {}10
2024-01-08 14:43:07,575 INFO gov.naco.soch.security.JwtAuthenticationFilter [http-nio-9050-exec-2] APIEXECUTIONTIME /ictcNew/ictc/ictc-visit-list/basic-->username-->ictccounsellor:-->246 ms
2024-01-08 14:43:08,026 INFO gov.naco.soch.security.JwtAuthenticationFilter [http-nio-9050-exec-4] Got the request-->/ictcNew/ictc/ictc-visit-list/basic:
2024-01-08 14:43:08,029 INFO gov.naco.soch.security.JwtAuthenticationFilter [http-nio-9050-exec-4] Processing request --> username-->ictccounsellor:request-->/ictcNew/ictc/ictc-visit-list/basic:
2024-01-08 14:43:08,034 INFO gov.naco.soch.ictc.service.MajorListService [http-nio-9050-exec-4] params
2024-01-08 14:43:08,170 INFO gov.naco.soch.ictc.service.MajorListService [http-nio-9050-exec-4] Obj Size : {}10
2024-01-08 14:43:08,222 INFO gov.naco.soch.security.JwtAuthenticationFilter [http-nio-9050-exec-4] APIEXECUTIONTIME /ictcNew/ictc/ictc-visit-list/basic-->username-->ictccounsellor:-->196 ms
2024-01-08 14:43:10,257 INFO gov.naco.soch.security.JwtAuthenticationFilter [http-nio-9050-exec-6] Got the request-->/ictcNew/ictc/ictc-visit-list/basic:
2024-01-08 14:43:10,258 INFO gov.naco.soch.security.JwtAuthenticationFilter [http-nio-9050-exec-6] Processing request --> username-->ictccounsellor:request-->/ictcNew/ictc/ictc-visit-list/basic:
2024-01-08 14:43:10,263 INFO gov.naco.soch.ictc.service.MajorListService [http-nio-9050-exec-6] params
2024-01-08 14:43:42,389 INFO gov.naco.soch.security.JwtAuthenticationFilter [http-nio-9050-exec-8] Got the request-->/ictcNew/ictc/ictc-visit-list/basic:
2024-01-08 14:43:42,389 INFO gov.naco.soch.security.JwtAuthenticationFilter [http-nio-9050-exec-8] Processing request --> username-->ictccounsellor:request-->/ictcNew/ictc/ictc-visit-list/basic:
2024-01-08 14:43:42,399 INFO gov.naco.soch.ictc.service.MajorListService [http-nio-9050-exec-8] params
2024-01-08 14:47:51,008 INFO gov.naco.soch.security.JwtAuthenticationFilter [http-nio-9050-exec-10] Got the request-->/ictcNew/ictc/ictc-visit-list/basic:
2024-01-08 14:47:51,008 INFO gov.naco.soch.security.JwtAuthenticationFilter [http-nio-9050-exec-10] Processing request --> username-->ictccounsellor:request-->/ictcNew/ictc/ictc-visit-list/basic:
2024-01-08 14:47:51,018 INFO gov.naco.soch.ictc.service.MajorListService [http-nio-9050-exec-10] params
2024-01-08 14:47:51,048 INFO gov.naco.soch.ictc.service.MajorListService [http-nio-9050-exec-10] Obj Size : {}10
2024-01-08 14:47:51,118 INFO gov.naco.soch.security.JwtAuthenticationFilter [http-nio-9050-exec-10] APIEXECUTIONTIME /ictcNew/ictc/ictc-visit-list/basic-->username-->ictccounsellor:-->110 ms
2024-01-08 14:50:08,452 INFO gov.naco.soch.ictc.service.MajorListService [http-nio-9050-exec-6] Obj Size : {}10
2024-01-08 14:50:08,472 INFO gov.naco.soch.ictc.service.MajorListService [http-nio-9050-exec-8] Obj Size : {}10
2024-01-08 14:50:08,502 INFO gov.naco.soch.security.JwtAuthenticationFilter [http-nio-9050-exec-6] APIEXECUTIONTIME /ictcNew/ictc/ictc-visit-list/basic-->username-->ictccounsellor:-->418245 ms
2024-01-08 14:50:08,512 INFO gov.naco.soch.security.JwtAuthenticationFilter [http-nio-9050-exec-8] APIEXECUTIONTIME /ictcNew/ictc/ictc-visit-list/basic-->username-->ictccounsellor:-->386123 ms
2024-01-08 15:00:30,661 INFO gov.naco.soch.security.JwtAuthenticationFilter [http-nio-9050-exec-5] Got the request-->/ictcNew/ictc/ictc-visit-list/basic:
2024-01-08 15:00:30,661 INFO gov.naco.soch.security.JwtAuthenticationFilter [http-nio-9050-exec-5] Processing request --> username-->ictccounsellor:request-->/ictcNew/ictc/ictc-visit-list/basic:
2024-01-08 15:00:30,672 INFO gov.naco.soch.ictc.service.MajorListService [http-nio-9050-exec-5] params
2024-01-08 15:00:30,688 INFO gov.naco.soch.ictc.service.MajorListService [http-nio-9050-exec-5] Obj Size : {}10
2024-01-08 15:00:30,734 INFO gov.naco.soch.security.JwtAuthenticationFilter [http-nio-9050-exec-5] APIEXECUTIONTIME /ictcNew/ictc/ictc-visit-list/basic-->username-->ictccounsellor:-->73 ms
2024-01-08 15:00:33,860 INFO gov.naco.soch.security.JwtAuthenticationFilter [http-nio-9050-exec-7] Got the request-->/ictcNew/ictc/ictc-visit-list/basic:
2024-01-08 15:00:33,860 INFO gov.naco.soch.security.JwtAuthenticationFilter [http-nio-9050-exec-7] Processing request --> username-->ictccounsellor:request-->/ictcNew/ictc/ictc-visit-list/basic:
2024-01-08 15:00:33,876 INFO gov.naco.soch.ictc.service.MajorListService [http-nio-9050-exec-7] params
2024-01-08 15:00:33,892 INFO gov.naco.soch.ictc.service.MajorListService [http-nio-9050-exec-7] Obj Size : {}10
2024-01-08 15:00:33,939 INFO gov.naco.soch.security.JwtAuthenticationFilter [http-nio-9050-exec-7] APIEXECUTIONTIME /ictcNew/ictc/ictc-visit-list/basic-->username-->ictccounsellor:-->79 ms
2024-01-08 15:01:07,605 INFO gov.naco.soch.security.JwtAuthenticationFilter [http-nio-9050-exec-10] Got the request-->/ictcNew/ictc/ictc-visit-list/basic:
2024-01-08 15:01:07,605 INFO gov.naco.soch.security.JwtAuthenticationFilter [http-nio-9050-exec-10] Processing request --> username-->ictccounsellor:request-->/ictcNew/ictc/ictc-visit-list/basic:
2024-01-08 15:01:07,621 INFO gov.naco.soch.ictc.service.MajorListService [http-nio-9050-exec-10] params
2024-01-08 15:01:07,699 INFO gov.naco.soch.ictc.service.MajorListService [http-nio-9050-exec-10] Obj Size : {}10
2024-01-08 15:01:07,747 INFO gov.naco.soch.security.JwtAuthenticationFilter [http-nio-9050-exec-10] APIEXECUTIONTIME /ictcNew/ictc/ictc-visit-list/basic-->username-->ictccounsellor:-->142 ms
2024-01-08 15:01:18,860 INFO gov.naco.soch.security.JwtAuthenticationFilter [http-nio-9050-exec-6] Got the request-->/ictcNew/ictc/ictc-visit-list/basic:
2024-01-08 15:01:18,860 INFO gov.naco.soch.security.JwtAuthenticationFilter [http-nio-9050-exec-6] Processing request --> username-->ictccounsellor:request-->/ictcNew/ictc/ictc-visit-list/basic:
2024-01-08 15:01:18,865 INFO gov.naco.soch.ictc.service.MajorListService [http-nio-9050-exec-6] params
2024-01-08 15:01:18,912 INFO gov.naco.soch.ictc.service.MajorListService [http-nio-9050-exec-6] Obj Size : {}10
2024-01-08 15:01:18,943 INFO gov.naco.soch.security.JwtAuthenticationFilter [http-nio-9050-exec-6] APIEXECUTIONTIME /ictcNew/ictc/ictc-visit-list/basic-->username-->ictccounsellor:-->83 ms
2024-01-08 15:01:23,181 INFO gov.naco.soch.security.JwtAuthenticationFilter [http-nio-9050-exec-2] Got the request-->/ictcNew/ictc/ictc-visit-list/basic:
2024-01-08 15:01:23,181 INFO gov.naco.soch.security.JwtAuthenticationFilter [http-nio-9050-exec-2] Processing request --> username-->ictccounsellor:request-->/ictcNew/ictc/ictc-visit-list/basic:
2024-01-08 15:01:23,181 INFO gov.naco.soch.ictc.service.MajorListService [http-nio-9050-exec-2] params
2024-01-08 15:01:23,238 INFO gov.naco.soch.ictc.service.MajorListService [http-nio-9050-exec-2] Obj Size : {}9
2024-01-08 15:01:23,268 INFO gov.naco.soch.security.JwtAuthenticationFilter [http-nio-9050-exec-2] APIEXECUTIONTIME /ictcNew/ictc/ictc-visit-list/basic-->username-->ictccounsellor:-->87 ms
2024-01-08 15:01:39,194 INFO gov.naco.soch.security.JwtAuthenticationFilter [http-nio-9050-exec-4] Got the request-->/ictcNew/ictc/ictc-visit-list/basic:
2024-01-08 15:01:39,194 INFO gov.naco.soch.security.JwtAuthenticationFilter [http-nio-9050-exec-4] Processing request --> username-->ictccounsellor:request-->/ictcNew/ictc/ictc-visit-list/basic:
2024-01-08 15:01:39,210 INFO gov.naco.soch.ictc.service.MajorListService [http-nio-9050-exec-4] params
2024-01-08 15:01:39,257 INFO gov.naco.soch.ictc.service.MajorListService [http-nio-9050-exec-4] Obj Size : {}10
2024-01-08 15:01:39,288 INFO gov.naco.soch.security.JwtAuthenticationFilter [http-nio-9050-exec-4] APIEXECUTIONTIME /ictcNew/ictc/ictc-visit-list/basic-->username-->ictccounsellor:-->94 ms
2024-01-08 15:01:41,016 INFO gov.naco.soch.security.JwtAuthenticationFilter [http-nio-9050-exec-7] Got the request-->/ictcNew/ictc/ictc-counselling-list/basic:
2024-01-08 15:01:41,016 INFO gov.naco.soch.security.JwtAuthenticationFilter [http-nio-9050-exec-7] Processing request --> username-->ictccounsellor:request-->/ictcNew/ictc/ictc-counselling-list/basic:
2024-01-08 15:01:41,440 INFO gov.naco.soch.security.JwtAuthenticationFilter [http-nio-9050-exec-7] APIEXECUTIONTIME /ictcNew/ictc/ictc-counselling-list/basic-->username-->ictccounsellor:-->424 ms
2024-01-08 15:01:42,804 INFO gov.naco.soch.security.JwtAuthenticationFilter [http-nio-9050-exec-10] Got the request-->/ictcNew/ictc/ictc-counselling-list/basic:
2024-01-08 15:01:42,809 INFO gov.naco.soch.security.JwtAuthenticationFilter [http-nio-9050-exec-10] Processing request --> username-->ictccounsellor:request-->/ictcNew/ictc/ictc-counselling-list/basic:
2024-01-08 15:01:56,422 INFO gov.naco.soch.security.JwtAuthenticationFilter [http-nio-9050-exec-10] APIEXECUTIONTIME /ictcNew/ictc/ictc-counselling-list/basic-->username-->ictccounsellor:-->13618 ms
2024-01-08 15:04:49,849 INFO gov.naco.soch.security.JwtAuthenticationFilter [http-nio-9050-exec-8] Got the request-->/ictcNew/ictc/ictc-counselling-list/basic:
2024-01-08 15:04:49,849 INFO gov.naco.soch.security.JwtAuthenticationFilter [http-nio-9050-exec-8] Processing request --> username-->ictccounsellor:request-->/ictcNew/ictc/ictc-counselling-list/basic:
2024-01-08 15:04:49,909 INFO gov.naco.soch.security.JwtAuthenticationFilter [http-nio-9050-exec-8] APIEXECUTIONTIME /ictcNew/ictc/ictc-counselling-list/basic-->username-->ictccounsellor:-->60 ms
2024-01-08 15:04:52,776 INFO gov.naco.soch.security.JwtAuthenticationFilter [http-nio-9050-exec-3] Got the request-->/ictcNew/ictc/ictc-counselling-list/basic:
2024-01-08 15:04:52,776 INFO gov.naco.soch.security.JwtAuthenticationFilter [http-nio-9050-exec-3] Processing request --> username-->ictccounsellor:request-->/ictcNew/ictc/ictc-counselling-list/basic:
2024-01-08 15:04:52,826 INFO gov.naco.soch.security.JwtAuthenticationFilter [http-nio-9050-exec-3] APIEXECUTIONTIME /ictcNew/ictc/ictc-counselling-list/basic-->username-->ictccounsellor:-->50 ms
2024-01-08 15:04:53,347 INFO gov.naco.soch.security.JwtAuthenticationFilter [http-nio-9050-exec-5] Got the request-->/ictcNew/ictc/ictc-counselling-list/basic:
2024-01-08 15:04:53,347 INFO gov.naco.soch.security.JwtAuthenticationFilter [http-nio-9050-exec-5] Processing request --> username-->ictccounsellor:request-->/ictcNew/ictc/ictc-counselling-list/basic:
2024-01-08 15:04:53,407 INFO gov.naco.soch.security.JwtAuthenticationFilter [http-nio-9050-exec-5] APIEXECUTIONTIME /ictcNew/ictc/ictc-counselling-list/basic-->username-->ictccounsellor:-->60 ms
2024-01-08 15:04:53,968 INFO gov.naco.soch.security.JwtAuthenticationFilter [http-nio-9050-exec-9] Got the request-->/ictcNew/ictc/ictc-counselling-list/basic:
2024-01-08 15:04:53,968 INFO gov.naco.soch.security.JwtAuthenticationFilter [http-nio-9050-exec-9] Processing request --> username-->ictccounsellor:request-->/ictcNew/ictc/ictc-counselling-list/basic:
2024-01-08 15:04:54,028 INFO gov.naco.soch.security.JwtAuthenticationFilter [http-nio-9050-exec-9] APIEXECUTIONTIME /ictcNew/ictc/ictc-counselling-list/basic-->username-->ictccounsellor:-->60 ms
2024-01-08 15:04:55,250 INFO gov.naco.soch.security.JwtAuthenticationFilter [http-nio-9050-exec-1] Got the request-->/ictcNew/ictc/ictc-counselling-list/basic:
2024-01-08 15:04:55,250 INFO gov.naco.soch.security.JwtAuthenticationFilter [http-nio-9050-exec-1] Processing request --> username-->ictccounsellor:request-->/ictcNew/ictc/ictc-counselling-list/basic:
2024-01-08 15:04:55,310 INFO gov.naco.soch.security.JwtAuthenticationFilter [http-nio-9050-exec-1] APIEXECUTIONTIME /ictcNew/ictc/ictc-counselling-list/basic-->username-->ictccounsellor:-->60 ms
2024-01-08 15:04:56,643 INFO gov.naco.soch.security.JwtAuthenticationFilter [http-nio-9050-exec-8] Got the request-->/ictcNew/ictc/ictc-counselling-list/basic:
2024-01-08 15:04:56,653 INFO gov.naco.soch.security.JwtAuthenticationFilter [http-nio-9050-exec-8] Processing request --> username-->ictccounsellor:request-->/ictcNew/ictc/ictc-counselling-list/basic:
2024-01-08 15:04:56,703 INFO gov.naco.soch.security.JwtAuthenticationFilter [http-nio-9050-exec-8] APIEXECUTIONTIME /ictcNew/ictc/ictc-counselling-list/basic-->username-->ictccounsellor:-->60 ms
2024-01-08 15:04:57,976 INFO gov.naco.soch.security.JwtAuthenticationFilter [http-nio-9050-exec-3] Got the request-->/ictcNew/ictc/ictc-counselling-list/basic:
2024-01-08 15:04:57,976 INFO gov.naco.soch.security.JwtAuthenticationFilter [http-nio-9050-exec-3] Processing request --> username-->ictccounsellor:request-->/ictcNew/ictc/ictc-counselling-list/basic:
2024-01-08 15:04:58,036 INFO gov.naco.soch.security.JwtAuthenticationFilter [http-nio-9050-exec-3] APIEXECUTIONTIME /ictcNew/ictc/ictc-counselling-list/basic-->username-->ictccounsellor:-->60 ms
2024-01-08 15:05:01,711 INFO gov.naco.soch.security.JwtAuthenticationFilter [http-nio-9050-exec-5] Got the request-->/ictcNew/ictc/ictc-counselling-list/basic:
2024-01-08 15:05:01,711 INFO gov.naco.soch.security.JwtAuthenticationFilter [http-nio-9050-exec-5] Processing request --> username-->ictccounsellor:request-->/ictcNew/ictc/ictc-counselling-list/basic:
2024-01-08 15:05:01,761 INFO gov.naco.soch.security.JwtAuthenticationFilter [http-nio-9050-exec-5] APIEXECUTIONTIME /ictcNew/ictc/ictc-counselling-list/basic-->username-->ictccounsellor:-->50 ms
2024-01-08 15:05:04,806 INFO gov.naco.soch.security.JwtAuthenticationFilter [http-nio-9050-exec-9] Got the request-->/ictcNew/ictc/ictc-visit-list/basic:
2024-01-08 15:05:04,806 INFO gov.naco.soch.security.JwtAuthenticationFilter [http-nio-9050-exec-9] Processing request --> username-->ictccounsellor:request-->/ictcNew/ictc/ictc-visit-list/basic:
2024-01-08 15:05:04,816 INFO gov.naco.soch.ictc.service.MajorListService [http-nio-9050-exec-9] params
2024-01-08 15:05:04,836 INFO gov.naco.soch.ictc.service.MajorListService [http-nio-9050-exec-9] Obj Size : {}10
2024-01-08 15:05:04,896 INFO gov.naco.soch.security.JwtAuthenticationFilter [http-nio-9050-exec-9] APIEXECUTIONTIME /ictcNew/ictc/ictc-visit-list/basic-->username-->ictccounsellor:-->90 ms
2024-01-08 15:05:07,841 INFO gov.naco.soch.security.JwtAuthenticationFilter [http-nio-9050-exec-1] Got the request-->/ictcNew/ictc/ictc-visit-list/basic:
2024-01-08 15:05:07,841 INFO gov.naco.soch.security.JwtAuthenticationFilter [http-nio-9050-exec-1] Processing request --> username-->ictccounsellor:request-->/ictcNew/ictc/ictc-visit-list/basic:
2024-01-08 15:05:07,841 INFO gov.naco.soch.ictc.service.MajorListService [http-nio-9050-exec-1] params
2024-01-08 15:05:07,862 INFO gov.naco.soch.ictc.service.MajorListService [http-nio-9050-exec-1] Obj Size : {}10
2024-01-08 15:05:07,922 INFO gov.naco.soch.security.JwtAuthenticationFilter [http-nio-9050-exec-1] APIEXECUTIONTIME /ictcNew/ictc/ictc-visit-list/basic-->username-->ictccounsellor:-->81 ms
2024-01-08 15:05:08,613 INFO gov.naco.soch.security.JwtAuthenticationFilter [http-nio-9050-exec-8] Got the request-->/ictcNew/ictc/ictc-visit-list/basic:
2024-01-08 15:05:08,613 INFO gov.naco.soch.security.JwtAuthenticationFilter [http-nio-9050-exec-8] Processing request --> username-->ictccounsellor:request-->/ictcNew/ictc/ictc-visit-list/basic:
2024-01-08 15:05:08,623 INFO gov.naco.soch.ictc.service.MajorListService [http-nio-9050-exec-8] params
2024-01-08 15:05:08,653 INFO gov.naco.soch.ictc.service.MajorListService [http-nio-9050-exec-8] Obj Size : {}10
2024-01-08 15:05:08,723 INFO gov.naco.soch.security.JwtAuthenticationFilter [http-nio-9050-exec-8] APIEXECUTIONTIME /ictcNew/ictc/ictc-visit-list/basic-->username-->ictccounsellor:-->110 ms
2024-01-08 15:05:14,663 INFO gov.naco.soch.security.JwtAuthenticationFilter [http-nio-9050-exec-3] Got the request-->/ictcNew/ictc/ictc-visit-list/basic:
2024-01-08 15:05:14,663 INFO gov.naco.soch.security.JwtAuthenticationFilter [http-nio-9050-exec-3] Processing request --> username-->ictccounsellor:request-->/ictcNew/ictc/ictc-visit-list/basic:
2024-01-08 15:05:14,673 INFO gov.naco.soch.ictc.service.MajorListService [http-nio-9050-exec-3] params
2024-01-08 15:05:14,693 INFO gov.naco.soch.ictc.service.MajorListService [http-nio-9050-exec-3] Obj Size : {}10
2024-01-08 15:05:14,753 INFO gov.naco.soch.security.JwtAuthenticationFilter [http-nio-9050-exec-3] APIEXECUTIONTIME /ictcNew/ictc/ictc-visit-list/basic-->username-->ictccounsellor:-->90 ms
2024-01-08 15:05:16,997 INFO gov.naco.soch.security.JwtAuthenticationFilter [http-nio-9050-exec-5] Got the request-->/ictcNew/ictc/ictc-visit-list/basic:
2024-01-08 15:05:16,997 INFO gov.naco.soch.security.JwtAuthenticationFilter [http-nio-9050-exec-5] Processing request --> username-->ictccounsellor:request-->/ictcNew/ictc/ictc-visit-list/basic:
2024-01-08 15:05:17,007 INFO gov.naco.soch.ictc.service.MajorListService [http-nio-9050-exec-5] params
2024-01-08 15:05:17,048 INFO gov.naco.soch.ictc.service.MajorListService [http-nio-9050-exec-5] Obj Size : {}10
2024-01-08 15:05:17,088 INFO gov.naco.soch.security.JwtAuthenticationFilter [http-nio-9050-exec-5] APIEXECUTIONTIME /ictcNew/ictc/ictc-visit-list/basic-->username-->ictccounsellor:-->91 ms
2024-01-08 15:05:19,233 INFO gov.naco.soch.security.JwtAuthenticationFilter [http-nio-9050-exec-9] Got the request-->/ictcNew/ictc/ictc-visit-list/basic:
2024-01-08 15:05:19,233 INFO gov.naco.soch.security.JwtAuthenticationFilter [http-nio-9050-exec-9] Processing request --> username-->ictccounsellor:request-->/ictcNew/ictc/ictc-visit-list/basic:
2024-01-08 15:05:19,243 INFO gov.naco.soch.ictc.service.MajorListService [http-nio-9050-exec-9] params
2024-01-08 15:05:19,283 INFO gov.naco.soch.ictc.service.MajorListService [http-nio-9050-exec-9] Obj Size : {}10
2024-01-08 15:05:19,333 INFO gov.naco.soch.security.JwtAuthenticationFilter [http-nio-9050-exec-9] APIEXECUTIONTIME /ictcNew/ictc/ictc-visit-list/basic-->username-->ictccounsellor:-->100 ms
2024-01-08 15:05:19,854 INFO gov.naco.soch.security.JwtAuthenticationFilter [http-nio-9050-exec-1] Got the request-->/ictcNew/ictc/ictc-visit-list/basic:
2024-01-08 15:05:19,854 INFO gov.naco.soch.security.JwtAuthenticationFilter [http-nio-9050-exec-1] Processing request --> username-->ictccounsellor:request-->/ictcNew/ictc/ictc-visit-list/basic:
2024-01-08 15:05:19,854 INFO gov.naco.soch.ictc.service.MajorListService [http-nio-9050-exec-1] params
2024-01-08 15:05:19,904 INFO gov.naco.soch.ictc.service.MajorListService [http-nio-9050-exec-1] Obj Size : {}10
2024-01-08 15:05:19,944 INFO gov.naco.soch.security.JwtAuthenticationFilter [http-nio-9050-exec-1] APIEXECUTIONTIME /ictcNew/ictc/ictc-visit-list/basic-->username-->ictccounsellor:-->90 ms
2024-01-08 15:05:27,531 INFO gov.naco.soch.security.JwtAuthenticationFilter [http-nio-9050-exec-8] Got the request-->/ictcNew/ictc/ictc-visit-list/basic:
2024-01-08 15:05:27,541 INFO gov.naco.soch.security.JwtAuthenticationFilter [http-nio-9050-exec-8] Processing request --> username-->ictccounsellor:request-->/ictcNew/ictc/ictc-visit-list/basic:
2024-01-08 15:05:27,541 INFO gov.naco.soch.ictc.service.MajorListService [http-nio-9050-exec-8] params
2024-01-08 15:05:27,561 INFO gov.naco.soch.ictc.service.MajorListService [http-nio-9050-exec-8] Obj Size : {}10
2024-01-08 15:05:27,621 INFO gov.naco.soch.security.JwtAuthenticationFilter [http-nio-9050-exec-8] APIEXECUTIONTIME /ictcNew/ictc/ictc-visit-list/basic-->username-->ictccounsellor:-->90 ms
2024-01-08 15:05:31,179 INFO gov.naco.soch.security.JwtAuthenticationFilter [http-nio-9050-exec-3] Got the request-->/ictcNew/ictc/ictc-visit-list/basic:
2024-01-08 15:05:31,179 INFO gov.naco.soch.security.JwtAuthenticationFilter [http-nio-9050-exec-3] Processing request --> username-->ictccounsellor:request-->/ictcNew/ictc/ictc-visit-list/basic:
2024-01-08 15:05:31,188 INFO gov.naco.soch.ictc.service.MajorListService [http-nio-9050-exec-3] params
2024-01-08 15:05:31,212 INFO gov.naco.soch.ictc.service.MajorListService [http-nio-9050-exec-3] Obj Size : {}10
2024-01-08 15:05:31,264 INFO gov.naco.soch.security.JwtAuthenticationFilter [http-nio-9050-exec-3] APIEXECUTIONTIME /ictcNew/ictc/ictc-visit-list/basic-->username-->ictccounsellor:-->85 ms
2024-01-08 15:05:32,658 INFO gov.naco.soch.security.JwtAuthenticationFilter [http-nio-9050-exec-5] Got the request-->/ictcNew/ictc/ictc-visit-list/basic:
2024-01-08 15:05:32,658 INFO gov.naco.soch.security.JwtAuthenticationFilter [http-nio-9050-exec-5] Processing request --> username-->ictccounsellor:request-->/ictcNew/ictc/ictc-visit-list/basic:
2024-01-08 15:05:32,668 INFO gov.naco.soch.ictc.service.MajorListService [http-nio-9050-exec-5] params
2024-01-08 15:05:32,718 INFO gov.naco.soch.ictc.service.MajorListService [http-nio-9050-exec-5] Obj Size : {}10
2024-01-08 15:05:32,773 INFO gov.naco.soch.security.JwtAuthenticationFilter [http-nio-9050-exec-5] APIEXECUTIONTIME /ictcNew/ictc/ictc-visit-list/basic-->username-->ictccounsellor:-->115 ms
2024-01-08 15:05:33,458 INFO gov.naco.soch.security.JwtAuthenticationFilter [http-nio-9050-exec-9] Got the request-->/ictcNew/ictc/ictc-visit-list/basic:
2024-01-08 15:05:33,460 INFO gov.naco.soch.security.JwtAuthenticationFilter [http-nio-9050-exec-9] Processing request --> username-->ictccounsellor:request-->/ictcNew/ictc/ictc-visit-list/basic:
2024-01-08 15:05:33,469 INFO gov.naco.soch.ictc.service.MajorListService [http-nio-9050-exec-9] params
2024-01-08 15:05:33,519 INFO gov.naco.soch.ictc.service.MajorListService [http-nio-9050-exec-9] Obj Size : {}10
2024-01-08 15:05:33,578 INFO gov.naco.soch.security.JwtAuthenticationFilter [http-nio-9050-exec-9] APIEXECUTIONTIME /ictcNew/ictc/ictc-visit-list/basic-->username-->ictccounsellor:-->120 ms
2024-01-08 15:05:34,092 INFO gov.naco.soch.security.JwtAuthenticationFilter [http-nio-9050-exec-1] Got the request-->/ictcNew/ictc/ictc-visit-list/basic:
2024-01-08 15:05:34,093 INFO gov.naco.soch.security.JwtAuthenticationFilter [http-nio-9050-exec-1] Processing request --> username-->ictccounsellor:request-->/ictcNew/ictc/ictc-visit-list/basic:
2024-01-08 15:05:34,098 INFO gov.naco.soch.ictc.service.MajorListService [http-nio-9050-exec-1] params
2024-01-08 15:05:34,138 INFO gov.naco.soch.ictc.service.MajorListService [http-nio-9050-exec-1] Obj Size : {}10
2024-01-08 15:05:34,192 INFO gov.naco.soch.security.JwtAuthenticationFilter [http-nio-9050-exec-1] APIEXECUTIONTIME /ictcNew/ictc/ictc-visit-list/basic-->username-->ictccounsellor:-->100 ms
2024-01-08 15:05:34,715 INFO gov.naco.soch.security.JwtAuthenticationFilter [http-nio-9050-exec-8] Got the request-->/ictcNew/ictc/ictc-visit-list/basic:
2024-01-08 15:05:34,717 INFO gov.naco.soch.security.JwtAuthenticationFilter [http-nio-9050-exec-8] Processing request --> username-->ictccounsellor:request-->/ictcNew/ictc/ictc-visit-list/basic:
2024-01-08 15:05:34,724 INFO gov.naco.soch.ictc.service.MajorListService [http-nio-9050-exec-8] params
2024-01-08 15:05:34,772 INFO gov.naco.soch.ictc.service.MajorListService [http-nio-9050-exec-8] Obj Size : {}10
2024-01-08 15:05:34,836 INFO gov.naco.soch.security.JwtAuthenticationFilter [http-nio-9050-exec-8] APIEXECUTIONTIME /ictcNew/ictc/ictc-visit-list/basic-->username-->ictccounsellor:-->121 ms
2024-01-08 15:05:35,290 INFO gov.naco.soch.security.JwtAuthenticationFilter [http-nio-9050-exec-3] Got the request-->/ictcNew/ictc/ictc-visit-list/basic:
2024-01-08 15:05:35,290 INFO gov.naco.soch.security.JwtAuthenticationFilter [http-nio-9050-exec-3] Processing request --> username-->ictccounsellor:request-->/ictcNew/ictc/ictc-visit-list/basic:
2024-01-08 15:05:35,290 INFO gov.naco.soch.ictc.service.MajorListService [http-nio-9050-exec-3] params
2024-01-08 15:05:35,524 INFO gov.naco.soch.ictc.service.MajorListService [http-nio-9050-exec-3] Obj Size : {}10
2024-01-08 15:05:35,588 INFO gov.naco.soch.security.JwtAuthenticationFilter [http-nio-9050-exec-3] APIEXECUTIONTIME /ictcNew/ictc/ictc-visit-list/basic-->username-->ictccounsellor:-->298 ms
2024-01-08 15:05:35,959 INFO gov.naco.soch.security.JwtAuthenticationFilter [http-nio-9050-exec-5] Got the request-->/ictcNew/ictc/ictc-visit-list/basic:
2024-01-08 15:05:35,959 INFO gov.naco.soch.security.JwtAuthenticationFilter [http-nio-9050-exec-5] Processing request --> username-->ictccounsellor:request-->/ictcNew/ictc/ictc-visit-list/basic:
2024-01-08 15:05:35,975 INFO gov.naco.soch.ictc.service.MajorListService [http-nio-9050-exec-5] params
2024-01-08 15:05:37,558 INFO gov.naco.soch.ictc.service.MajorListService [http-nio-9050-exec-5] Obj Size : {}10
2024-01-08 15:05:37,623 INFO gov.naco.soch.security.JwtAuthenticationFilter [http-nio-9050-exec-5] APIEXECUTIONTIME /ictcNew/ictc/ictc-visit-list/basic-->username-->ictccounsellor:-->1664 ms
2024-01-08 15:05:38,421 INFO gov.naco.soch.security.JwtAuthenticationFilter [http-nio-9050-exec-9] Got the request-->/ictcNew/ictc/ictc-visit-list/basic:
2024-01-08 15:05:38,421 INFO gov.naco.soch.security.JwtAuthenticationFilter [http-nio-9050-exec-9] Processing request --> username-->ictccounsellor:request-->/ictcNew/ictc/ictc-visit-list/basic:
2024-01-08 15:05:38,426 INFO gov.naco.soch.ictc.service.MajorListService [http-nio-9050-exec-9] params
2024-01-08 15:09:05,902 INFO gov.naco.soch.ictc.service.MajorListService [http-nio-9050-exec-9] Obj Size : {}6
2024-01-08 15:09:06,032 INFO gov.naco.soch.security.JwtAuthenticationFilter [http-nio-9050-exec-9] APIEXECUTIONTIME /ictcNew/ictc/ictc-visit-list/basic-->username-->ictccounsellor:-->207611 ms
